Using pre-set license
Built from '2021.3/staging' branch; Version is '2021.3.10f1 (1c7d0df0160b) revision 1867021'; Using compiler version '192829333'; Build Type 'Release'
OS: 'Windows 10  (10.0.19042) 64bit Enterprise' Language: 'en' Physical Memory: 16189 MB
BatchMode: 1, IsHumanControllingUs: 0, StartBugReporterOnCrash: 0, Is64bit: 1, IsPro: 1

COMMAND LINE ARGUMENTS:
C:\Program Files\Unity\Hub\Editor\2021.3.10f1\Editor\Unity.exe
-adb2
-batchMode
-noUpm
-name
AssetImportWorker2
-projectPath
C:/Users/20203641/GitHub/GameDesignProjectGroup13/Project Grid
-logFile
Logs/AssetImportWorker2.log
-srvPort
61383
Successfully changed project path to: C:/Users/20203641/GitHub/GameDesignProjectGroup13/Project Grid
C:/Users/20203641/GitHub/GameDesignProjectGroup13/Project Grid
[UnityMemory] Configuration Parameters - Can be set up in boot.config
    "memorysetup-bucket-allocator-granularity=16"
    "memorysetup-bucket-allocator-bucket-count=8"
    "memorysetup-bucket-allocator-block-size=33554432"
    "memorysetup-bucket-allocator-block-count=8"
    "memorysetup-main-allocator-block-size=16777216"
    "memorysetup-thread-allocator-block-size=16777216"
    "memorysetup-gfx-main-allocator-block-size=16777216"
    "memorysetup-gfx-thread-allocator-block-size=16777216"
    "memorysetup-cache-allocator-block-size=4194304"
    "memorysetup-typetree-allocator-block-size=2097152"
    "memorysetup-profiler-bucket-allocator-granularity=16"
    "memorysetup-profiler-bucket-allocator-bucket-count=8"
    "memorysetup-profiler-bucket-allocator-block-size=33554432"
    "memorysetup-profiler-bucket-allocator-block-count=8"
    "memorysetup-profiler-allocator-block-size=16777216"
    "memorysetup-profiler-editor-allocator-block-size=1048576"
    "memorysetup-temp-allocator-size-main=16777216"
    "memorysetup-job-temp-allocator-block-size=2097152"
    "memorysetup-job-temp-allocator-block-size-background=1048576"
    "memorysetup-job-temp-allocator-reduction-small-platforms=262144"
    "memorysetup-temp-allocator-size-background-worker=32768"
    "memorysetup-temp-allocator-size-job-worker=262144"
    "memorysetup-temp-allocator-size-preload-manager=33554432"
    "memorysetup-temp-allocator-size-nav-mesh-worker=65536"
    "memorysetup-temp-allocator-size-audio-worker=65536"
    "memorysetup-temp-allocator-size-cloud-worker=32768"
    "memorysetup-temp-allocator-size-gi-baking-worker=262144"
    "memorysetup-temp-allocator-size-gfx=262144"
Refreshing native plugins compatible for Editor in 152.90 ms, found 3 plugins.
Preloading 0 native plugins for Editor in 0.00 ms.
Initialize engine version: 2021.3.10f1 (1c7d0df0160b)
[Subsystems] Discovering subsystems at path C:/Program Files/Unity/Hub/Editor/2021.3.10f1/Editor/Data/Resources/UnitySubsystems
[Subsystems] Discovering subsystems at path C:/Users/20203641/GitHub/GameDesignProjectGroup13/Project Grid/Assets
GfxDevice: creating device client; threaded=0; jobified=0
Direct3D:
    Version:  Direct3D 11.0 [level 11.1]
    Renderer: NVIDIA Quadro P2000 (ID=0x1cba)
    Vendor:   NVIDIA
    VRAM:     4018 MB
    Driver:   30.0.14.7334
Shader 'MoreMountains/MMRipple': fallback shader 'Particle/AlphaBlended' not found
Initialize mono
Mono path[0] = 'C:/Program Files/Unity/Hub/Editor/2021.3.10f1/Editor/Data/Managed'
Mono path[1] = 'C:/Program Files/Unity/Hub/Editor/2021.3.10f1/Editor/Data/MonoBleedingEdge/lib/mono/unityjit-win32'
Mono config path = 'C:/Program Files/Unity/Hub/Editor/2021.3.10f1/Editor/Data/MonoBleedingEdge/etc'
Using monoOptions --debugger-agent=transport=dt_socket,embedding=1,server=y,suspend=n,address=127.0.0.1:56808
Begin MonoManager ReloadAssembly
Registering precompiled unity dll's ...
Register platform support module: C:/Program Files/Unity/Hub/Editor/2021.3.10f1/Editor/Data/PlaybackEngines/WindowsStandaloneSupport/UnityEditor.WindowsStandalone.Extensions.dll
Registered in 0.007403 seconds.
Native extension for WindowsStandalone target not found
Refreshing native plugins compatible for Editor in 114.99 ms, found 3 plugins.
Preloading 0 native plugins for Editor in 0.00 ms.
Mono: successfully reloaded assembly
- Completed reload, in  0.653 seconds
Domain Reload Profiling:
	ReloadAssembly (654ms)
		BeginReloadAssembly (71ms)
			ExecutionOrderSort (0ms)
			DisableScriptedObjects (0ms)
			BackupInstance (0ms)
			ReleaseScriptingObjects (0ms)
			CreateAndSetChildDomain (1ms)
		EndReloadAssembly (474ms)
			LoadAssemblies (69ms)
			RebuildTransferFunctionScriptingTraits (0ms)
			SetupTypeCache (96ms)
			ReleaseScriptCaches (0ms)
			RebuildScriptCaches (28ms)
			SetupLoadedEditorAssemblies (297ms)
				LogAssemblyErrors (0ms)
				InitializePlatformSupportModulesInManaged (8ms)
				SetLoadedEditorAssemblies (0ms)
				RefreshPlugins (115ms)
				BeforeProcessingInitializeOnLoad (1ms)
				ProcessInitializeOnLoadAttributes (131ms)
				ProcessInitializeOnLoadMethodAttributes (41ms)
				AfterProcessingInitializeOnLoad (0ms)
				EditorAssembliesLoaded (0ms)
			ExecutionOrderSort2 (0ms)
			AwakeInstancesAfterBackupRestoration (0ms)
Platform modules already initialized, skipping
Registering precompiled user dll's ...
Registered in 0.006567 seconds.
Begin MonoManager ReloadAssembly
Symbol file LoadedFromMemory doesn't match image C:\Users\20203641\GitHub\GameDesignProjectGroup13\Project Grid\Library\PackageCache\com.unity.visualscripting@1.7.8\Editor\VisualScripting.Core\Dependencies\YamlDotNet\Unity.VisualScripting.YamlDotNet.dll
Symbol file LoadedFromMemory doesn't match image C:\Users\20203641\GitHub\GameDesignProjectGroup13\Project Grid\Library\PackageCache\com.unity.visualscripting@1.7.8\Editor\VisualScripting.Core\Dependencies\DotNetZip\Unity.VisualScripting.IonicZip.dll
Native extension for WindowsStandalone target not found
Refreshing native plugins compatible for Editor in 0.99 ms, found 3 plugins.
Preloading 0 native plugins for Editor in 0.00 ms.
Mono: successfully reloaded assembly
- Completed reload, in  1.241 seconds
Domain Reload Profiling:
	ReloadAssembly (1242ms)
		BeginReloadAssembly (112ms)
			ExecutionOrderSort (0ms)
			DisableScriptedObjects (5ms)
			BackupInstance (0ms)
			ReleaseScriptingObjects (0ms)
			CreateAndSetChildDomain (19ms)
		EndReloadAssembly (1033ms)
			LoadAssemblies (93ms)
			RebuildTransferFunctionScriptingTraits (0ms)
			SetupTypeCache (292ms)
			ReleaseScriptCaches (1ms)
			RebuildScriptCaches (77ms)
			SetupLoadedEditorAssemblies (540ms)
				LogAssemblyErrors (0ms)
				InitializePlatformSupportModulesInManaged (12ms)
				SetLoadedEditorAssemblies (0ms)
				RefreshPlugins (1ms)
				BeforeProcessingInitializeOnLoad (108ms)
				ProcessInitializeOnLoadAttributes (374ms)
				ProcessInitializeOnLoadMethodAttributes (36ms)
				AfterProcessingInitializeOnLoad (8ms)
				EditorAssembliesLoaded (0ms)
			ExecutionOrderSort2 (0ms)
			AwakeInstancesAfterBackupRestoration (6ms)
Platform modules already initialized, skipping
========================================================================
Worker process is ready to serve import requests
Shader 'MoreMountains/MMRipple': fallback shader 'Particle/AlphaBlended' not found
Launched and connected shader compiler UnityShaderCompiler.exe after 0.06 seconds
Refreshing native plugins compatible for Editor in 0.93 ms, found 3 plugins.
Preloading 0 native plugins for Editor in 0.00 ms.
Unloading 4863 Unused Serialized files (Serialized files now loaded: 0)
Unloading 57 unused Assets / (1.4 MB). Loaded Objects now: 5313.
Memory consumption went from 256.0 MB to 254.6 MB.
Total: 3.978000 ms (FindLiveObjects: 0.382900 ms CreateObjectMapping: 0.310900 ms MarkObjects: 3.001900 ms  DeleteObjects: 0.278600 ms)

AssetImportParameters requested are different than current active one (requested -> active):
  custom:video-decoder-ogg-theora: a1e56fd34408186e4bbccfd4996cb3dc -> 
  custom:container-muxer-webm: aa71ff27fc2769a1b78a27578f13a17b -> 
  custom:container-demuxer-webm: 4f35f7cbe854078d1ac9338744f61a02 -> 
  custom:video-encoder-webm-vp8: eb34c28f22e8b96e1ab97ce403110664 -> 
  custom:video-codec-MediaFoundation-h265: 746d11721c4dcdbdad8f713fa42b33f4 -> 
  custom:audio-encoder-webm-vorbis: bf7c407c2cedff20999df2af8eb42d56 -> 
  custom:framework-win-MediaFoundation: 216162199b28c13a410421893ffa2e32 -> 
  custom:container-demuxer-ogg: 62fdf1f143b41e24485cea50d1cbac27 -> 
  custom:video-decoder-webm-vp8: 9c59270c3fd7afecdb556c50c9e8de78 -> 
  custom:audio-decoder-ogg-vorbis: bf7c407c2cedff20999df2af8eb42d56 -> 
========================================================================
Received Import Request.
  Time since last request: 594733.829044 seconds.
  path: Assets/Art/Fantasy Cataboms/RF_Catacombs_v1.0/mainlevbuild.png
  artifactKey: Guid(ff70f4bc478d237409a4c10eb41b14b1) Importer(815301076,1909f56bfc062723c751e8b465ee728b)
Start importing Assets/Art/Fantasy Cataboms/RF_Catacombs_v1.0/mainlevbuild.png using Guid(ff70f4bc478d237409a4c10eb41b14b1) Importer(815301076,1909f56bfc062723c751e8b465ee728b)  -> (artifact id: '21617a12b720abcd7654703f40701e7c') in 0.082509 seconds 
========================================================================
Received Import Request.
  Time since last request: 129.510702 seconds.
  path: Assets/Art/Fantasy Cataboms/RF_Catacombs_v1.0/mainlevbuild.png
  artifactKey: Guid(ff70f4bc478d237409a4c10eb41b14b1) Importer(815301076,1909f56bfc062723c751e8b465ee728b)
Start importing Assets/Art/Fantasy Cataboms/RF_Catacombs_v1.0/mainlevbuild.png using Guid(ff70f4bc478d237409a4c10eb41b14b1) Importer(815301076,1909f56bfc062723c751e8b465ee728b)  -> (artifact id: 'e56930ad8a5f4187437533f210377953') in 0.023656 seconds 
========================================================================
Received Import Request.
  Time since last request: 108.970180 seconds.
  path: Assets/Art/Fantasy Cataboms/RF_Catacombs_v1.0/mainlevbuild.png
  artifactKey: Guid(ff70f4bc478d237409a4c10eb41b14b1) Importer(815301076,1909f56bfc062723c751e8b465ee728b)
Start importing Assets/Art/Fantasy Cataboms/RF_Catacombs_v1.0/mainlevbuild.png using Guid(ff70f4bc478d237409a4c10eb41b14b1) Importer(815301076,1909f56bfc062723c751e8b465ee728b)  -> (artifact id: 'aa600fb06dbfd6da8d92041928fcf5b9') in 3.720797 seconds 
========================================================================
Received Import Request.
  Time since last request: 58.299691 seconds.
  path: Assets/Art/Fantasy Cataboms/RF_Catacombs_v1.0/Fantasy Catacombs.prefab
  artifactKey: Guid(ad428940f79c8684eb71482306b75b66) Importer(815301076,1909f56bfc062723c751e8b465ee728b)
Start importing Assets/Art/Fantasy Cataboms/RF_Catacombs_v1.0/Fantasy Catacombs.prefab using Guid(ad428940f79c8684eb71482306b75b66) Importer(815301076,1909f56bfc062723c751e8b465ee728b)  -> (artifact id: 'b861bedf951807081c2c385295bcb548') in 0.051628 seconds 
========================================================================
Received Import Request.
  Time since last request: 35.698957 seconds.
  path: Assets/Art/Fantasy Cataboms/RF_Catacombs_v1.0/Tiles
  artifactKey: Guid(6ae27bccd9a10054d87ffa038a1fb430) Importer(815301076,1909f56bfc062723c751e8b465ee728b)
Start importing Assets/Art/Fantasy Cataboms/RF_Catacombs_v1.0/Tiles using Guid(6ae27bccd9a10054d87ffa038a1fb430) Importer(815301076,1909f56bfc062723c751e8b465ee728b)  -> (artifact id: 'a11c303c463481933dd5106137a38692') in 0.006986 seconds 
========================================================================
Received Import Request.
  Time since last request: 92.392571 seconds.
  path: Assets/Art/Fantasy Cataboms/RF_Catacombs_v1.0/Fantasy Catacombs.prefab
  artifactKey: Guid(ad428940f79c8684eb71482306b75b66) Importer(815301076,1909f56bfc062723c751e8b465ee728b)
Start importing Assets/Art/Fantasy Cataboms/RF_Catacombs_v1.0/Fantasy Catacombs.prefab using Guid(ad428940f79c8684eb71482306b75b66) Importer(815301076,1909f56bfc062723c751e8b465ee728b)  -> (artifact id: '880962e382b49553b04978224ad7a11b') in 0.495760 seconds 
========================================================================
Received Import Request.
  Time since last request: 2832.087691 seconds.
  path: Assets/Art/Fantasy Cataboms/Modern_Interiors_Free_v2.2
  artifactKey: Guid(be0e06061dc13f64e9dbdff5cea72a12) Importer(815301076,1909f56bfc062723c751e8b465ee728b)
Start importing Assets/Art/Fantasy Cataboms/Modern_Interiors_Free_v2.2 using Guid(be0e06061dc13f64e9dbdff5cea72a12) Importer(815301076,1909f56bfc062723c751e8b465ee728b)  -> (artifact id: '5259fdab6cc1fa1a8ba5638803c6e13c') in 0.008601 seconds 
========================================================================
Received Import Request.
  Time since last request: 0.895574 seconds.
  path: Assets/Art/Fantasy Cataboms/Modern_Interiors_Free_v2.2/Modern tiles_Free
  artifactKey: Guid(0e604f5f9a1de1748874939ca7ab4c9d) Importer(815301076,1909f56bfc062723c751e8b465ee728b)
Start importing Assets/Art/Fantasy Cataboms/Modern_Interiors_Free_v2.2/Modern tiles_Free using Guid(0e604f5f9a1de1748874939ca7ab4c9d) Importer(815301076,1909f56bfc062723c751e8b465ee728b)  -> (artifact id: 'd0bf883681ac0b2eb4e027584cd4e076') in 0.007728 seconds 
========================================================================
Received Import Request.
  Time since last request: 0.042594 seconds.
  path: Assets/Art/Fantasy Cataboms/Modern_Interiors_Free_v2.2/Modern tiles_Free/free_overview.png
  artifactKey: Guid(a0b2a9e1e623b7647920fad062b875c4) Importer(815301076,1909f56bfc062723c751e8b465ee728b)
Start importing Assets/Art/Fantasy Cataboms/Modern_Interiors_Free_v2.2/Modern tiles_Free/free_overview.png using Guid(a0b2a9e1e623b7647920fad062b875c4) Importer(815301076,1909f56bfc062723c751e8b465ee728b)  -> (artifact id: '0c30ed890d52b77d43bc0038c089b1d6') in 0.043630 seconds 
========================================================================
Received Import Request.
  Time since last request: 1.506985 seconds.
  path: Assets/Art/Fantasy Cataboms/Modern_Interiors_Free_v2.2/Modern tiles_Free/Characters_free
  artifactKey: Guid(39778409be9b0654da33bc120a518570) Importer(815301076,1909f56bfc062723c751e8b465ee728b)
Start importing Assets/Art/Fantasy Cataboms/Modern_Interiors_Free_v2.2/Modern tiles_Free/Characters_free using Guid(39778409be9b0654da33bc120a518570) Importer(815301076,1909f56bfc062723c751e8b465ee728b)  -> (artifact id: 'b422136986fd40798e0d2e7c9ab7dcdb') in 0.008954 seconds 
========================================================================
Received Import Request.
  Time since last request: 0.056388 seconds.
  path: Assets/Art/Fantasy Cataboms/Modern_Interiors_Free_v2.2/Modern tiles_Free/Characters_free/Adam_16x16.png
  artifactKey: Guid(4be517158d9e7fd42a40c968a36104ba) Importer(815301076,1909f56bfc062723c751e8b465ee728b)
Start importing Assets/Art/Fantasy Cataboms/Modern_Interiors_Free_v2.2/Modern tiles_Free/Characters_free/Adam_16x16.png using Guid(4be517158d9e7fd42a40c968a36104ba) Importer(815301076,1909f56bfc062723c751e8b465ee728b)  -> (artifact id: '4095beaaadcfc3659f9012864993e137') in 0.025192 seconds 
========================================================================
Received Import Request.
  Time since last request: 0.016999 seconds.
  path: Assets/Art/Fantasy Cataboms/Modern_Interiors_Free_v2.2/Modern tiles_Free/Characters_free/Adam_phone_16x16.png
  artifactKey: Guid(a4298d3eb4f50d84c9d2477e1539111b) Importer(815301076,1909f56bfc062723c751e8b465ee728b)
Start importing Assets/Art/Fantasy Cataboms/Modern_Interiors_Free_v2.2/Modern tiles_Free/Characters_free/Adam_phone_16x16.png using Guid(a4298d3eb4f50d84c9d2477e1539111b) Importer(815301076,1909f56bfc062723c751e8b465ee728b)  -> (artifact id: 'ef3bd782e74fac775f8e80b0b132b440') in 0.032130 seconds 
========================================================================
Received Import Request.
  Time since last request: 0.000045 seconds.
  path: Assets/Art/Fantasy Cataboms/Modern_Interiors_Free_v2.2/Modern tiles_Free/Characters_free/Alex_sit3_16x16.png
  artifactKey: Guid(671c25eda1c48dd4b998bc9bd31f4e74) Importer(815301076,1909f56bfc062723c751e8b465ee728b)
Start importing Assets/Art/Fantasy Cataboms/Modern_Interiors_Free_v2.2/Modern tiles_Free/Characters_free/Alex_sit3_16x16.png using Guid(671c25eda1c48dd4b998bc9bd31f4e74) Importer(815301076,1909f56bfc062723c751e8b465ee728b)  -> (artifact id: '6891fc3852908168625833c899124f5d') in 0.027646 seconds 
========================================================================
Received Import Request.
  Time since last request: 0.000029 seconds.
  path: Assets/Art/Fantasy Cataboms/Modern_Interiors_Free_v2.2/Modern tiles_Free/Characters_free/Bob_16x16.png
  artifactKey: Guid(4b318c760140fd24b9528ae95bb7436c) Importer(815301076,1909f56bfc062723c751e8b465ee728b)
Start importing Assets/Art/Fantasy Cataboms/Modern_Interiors_Free_v2.2/Modern tiles_Free/Characters_free/Bob_16x16.png using Guid(4b318c760140fd24b9528ae95bb7436c) Importer(815301076,1909f56bfc062723c751e8b465ee728b)  -> (artifact id: '3610428a378340df80d4d6a08e26b1f0') in 0.029979 seconds 
========================================================================
Received Import Request.
  Time since last request: 0.000046 seconds.
  path: Assets/Art/Fantasy Cataboms/Modern_Interiors_Free_v2.2/Modern tiles_Free/Characters_free/Bob_sit3_16x16.png
  artifactKey: Guid(4f65e737643d4ab4d8916836a52b032e) Importer(815301076,1909f56bfc062723c751e8b465ee728b)
Start importing Assets/Art/Fantasy Cataboms/Modern_Interiors_Free_v2.2/Modern tiles_Free/Characters_free/Bob_sit3_16x16.png using Guid(4f65e737643d4ab4d8916836a52b032e) Importer(815301076,1909f56bfc062723c751e8b465ee728b)  -> (artifact id: 'e7c78fff0d24cc35f6ebbebe9864f5c5') in 0.023610 seconds 
========================================================================
Received Import Request.
  Time since last request: 0.000047 seconds.
  path: Assets/Art/Fantasy Cataboms/Modern_Interiors_Free_v2.2/Modern tiles_Free/Characters_free/Bob_idle_16x16.png
  artifactKey: Guid(89941905101ca014f83607c7a029d12d) Importer(815301076,1909f56bfc062723c751e8b465ee728b)
Start importing Assets/Art/Fantasy Cataboms/Modern_Interiors_Free_v2.2/Modern tiles_Free/Characters_free/Bob_idle_16x16.png using Guid(89941905101ca014f83607c7a029d12d) Importer(815301076,1909f56bfc062723c751e8b465ee728b)  -> (artifact id: '6fabea7064ffe4c256a3df532c809c9d') in 0.025882 seconds 
========================================================================
Received Import Request.
  Time since last request: 0.000149 seconds.
  path: Assets/Art/Fantasy Cataboms/Modern_Interiors_Free_v2.2/Modern tiles_Free/Characters_free/Amelia_idle_anim_16x16.png
  artifactKey: Guid(fa3f27f755c3b0a41970655a8c91762d) Importer(815301076,1909f56bfc062723c751e8b465ee728b)
Start importing Assets/Art/Fantasy Cataboms/Modern_Interiors_Free_v2.2/Modern tiles_Free/Characters_free/Amelia_idle_anim_16x16.png using Guid(fa3f27f755c3b0a41970655a8c91762d) Importer(815301076,1909f56bfc062723c751e8b465ee728b)  -> (artifact id: 'c993443a9a2fe4dd1d78ab2fe20c0325') in 0.029764 seconds 
========================================================================
Received Import Request.
  Time since last request: 0.000037 seconds.
  path: Assets/Art/Fantasy Cataboms/Modern_Interiors_Free_v2.2/Modern tiles_Free/Characters_free/Amelia_idle_16x16.png
  artifactKey: Guid(2d680004979cb1c449bcebc22e2727e6) Importer(815301076,1909f56bfc062723c751e8b465ee728b)
Start importing Assets/Art/Fantasy Cataboms/Modern_Interiors_Free_v2.2/Modern tiles_Free/Characters_free/Amelia_idle_16x16.png using Guid(2d680004979cb1c449bcebc22e2727e6) Importer(815301076,1909f56bfc062723c751e8b465ee728b)  -> (artifact id: 'e566790d3d3c9283dc4c5d3874124c71') in 0.026674 seconds 
========================================================================
Received Import Request.
  Time since last request: 0.000062 seconds.
  path: Assets/Art/Fantasy Cataboms/Modern_Interiors_Free_v2.2/Modern tiles_Free/Characters_free/Bob_run_16x16.png
  artifactKey: Guid(019d2040222fa214ea5c34c926f2e048) Importer(815301076,1909f56bfc062723c751e8b465ee728b)
Start importing Assets/Art/Fantasy Cataboms/Modern_Interiors_Free_v2.2/Modern tiles_Free/Characters_free/Bob_run_16x16.png using Guid(019d2040222fa214ea5c34c926f2e048) Importer(815301076,1909f56bfc062723c751e8b465ee728b)  -> (artifact id: 'a6cbe5d3e62364076c4971e55f18d21f') in 0.028306 seconds 
========================================================================
Received Import Request.
  Time since last request: 0.000108 seconds.
  path: Assets/Art/Fantasy Cataboms/Modern_Interiors_Free_v2.2/Modern tiles_Free/Characters_free/Alex_idle_anim_16x16.png
  artifactKey: Guid(455e6c7a6a582aa458585a2a597d6711) Importer(815301076,1909f56bfc062723c751e8b465ee728b)
Start importing Assets/Art/Fantasy Cataboms/Modern_Interiors_Free_v2.2/Modern tiles_Free/Characters_free/Alex_idle_anim_16x16.png using Guid(455e6c7a6a582aa458585a2a597d6711) Importer(815301076,1909f56bfc062723c751e8b465ee728b)  -> (artifact id: 'ef607f5c10055636c74cde197511b13e') in 0.021222 seconds 
========================================================================
Received Import Request.
  Time since last request: 0.000140 seconds.
  path: Assets/Art/Fantasy Cataboms/Modern_Interiors_Free_v2.2/Modern tiles_Free/Characters_free/Alex_sit2_16x16.png
  artifactKey: Guid(33938dbd981ff0a43834a76ae78e6ef8) Importer(815301076,1909f56bfc062723c751e8b465ee728b)
Start importing Assets/Art/Fantasy Cataboms/Modern_Interiors_Free_v2.2/Modern tiles_Free/Characters_free/Alex_sit2_16x16.png using Guid(33938dbd981ff0a43834a76ae78e6ef8) Importer(815301076,1909f56bfc062723c751e8b465ee728b)  -> (artifact id: '7512b4b8c9989d28f6d385a9f6ee03e0') in 0.026012 seconds 
========================================================================
Received Import Request.
  Time since last request: 0.000114 seconds.
  path: Assets/Art/Fantasy Cataboms/Modern_Interiors_Free_v2.2/Modern tiles_Free/Characters_free/Alex_run_16x16.png
  artifactKey: Guid(5040961867b117a469177f160dec13fa) Importer(815301076,1909f56bfc062723c751e8b465ee728b)
Start importing Assets/Art/Fantasy Cataboms/Modern_Interiors_Free_v2.2/Modern tiles_Free/Characters_free/Alex_run_16x16.png using Guid(5040961867b117a469177f160dec13fa) Importer(815301076,1909f56bfc062723c751e8b465ee728b)  -> (artifact id: '3b233dcf9def7bb78bd278c9a4dd940f') in 0.021117 seconds 
========================================================================
Received Import Request.
  Time since last request: 0.000051 seconds.
  path: Assets/Art/Fantasy Cataboms/Modern_Interiors_Free_v2.2/Modern tiles_Free/Characters_free/Amelia_sit3_16x16.png
  artifactKey: Guid(819b7fea422267543bb5c96ae768a7a3) Importer(815301076,1909f56bfc062723c751e8b465ee728b)
Start importing Assets/Art/Fantasy Cataboms/Modern_Interiors_Free_v2.2/Modern tiles_Free/Characters_free/Amelia_sit3_16x16.png using Guid(819b7fea422267543bb5c96ae768a7a3) Importer(815301076,1909f56bfc062723c751e8b465ee728b)  -> (artifact id: '51d8a0aa330c1d3aa2864abf845e8a20') in 0.024819 seconds 
========================================================================
Received Import Request.
  Time since last request: 0.000045 seconds.
  path: Assets/Art/Fantasy Cataboms/Modern_Interiors_Free_v2.2/Modern tiles_Free/Characters_free/Amelia_16x16.png
  artifactKey: Guid(5734bc07a7938c141a1d9d675c8fe84d) Importer(815301076,1909f56bfc062723c751e8b465ee728b)
Start importing Assets/Art/Fantasy Cataboms/Modern_Interiors_Free_v2.2/Modern tiles_Free/Characters_free/Amelia_16x16.png using Guid(5734bc07a7938c141a1d9d675c8fe84d) Importer(815301076,1909f56bfc062723c751e8b465ee728b)  -> (artifact id: '4e65d76de8269c5a8a6792069e666785') in 0.023132 seconds 
========================================================================
Received Import Request.
  Time since last request: 0.000039 seconds.
  path: Assets/Art/Fantasy Cataboms/Modern_Interiors_Free_v2.2/Modern tiles_Free/Characters_free/Bob_phone_16x16.png
  artifactKey: Guid(a5de2a39199262e428a0622da35ba4f9) Importer(815301076,1909f56bfc062723c751e8b465ee728b)
Start importing Assets/Art/Fantasy Cataboms/Modern_Interiors_Free_v2.2/Modern tiles_Free/Characters_free/Bob_phone_16x16.png using Guid(a5de2a39199262e428a0622da35ba4f9) Importer(815301076,1909f56bfc062723c751e8b465ee728b)  -> (artifact id: '25e55809f235e4b66e883620b027455b') in 0.020924 seconds 
========================================================================
Received Import Request.
  Time since last request: 25.280810 seconds.
  path: Assets/Art/Fantasy Cataboms/Modern_Interiors_Free_v2.2/Modern tiles_Free/Old
  artifactKey: Guid(5d365bf2c8fa9954c86b19d18a62d95b) Importer(815301076,1909f56bfc062723c751e8b465ee728b)
Start importing Assets/Art/Fantasy Cataboms/Modern_Interiors_Free_v2.2/Modern tiles_Free/Old using Guid(5d365bf2c8fa9954c86b19d18a62d95b) Importer(815301076,1909f56bfc062723c751e8b465ee728b)  -> (artifact id: 'c8014878303dd8f675a1763444460fc1') in 0.007736 seconds 
========================================================================
Received Import Request.
  Time since last request: 0.219563 seconds.
  path: Assets/Art/Fantasy Cataboms/Modern_Interiors_Free_v2.2/Modern tiles_Free/Old/idle_16x16_2.png
  artifactKey: Guid(31b877dd4f80d934386a854fa06bd897) Importer(815301076,1909f56bfc062723c751e8b465ee728b)
Start importing Assets/Art/Fantasy Cataboms/Modern_Interiors_Free_v2.2/Modern tiles_Free/Old/idle_16x16_2.png using Guid(31b877dd4f80d934386a854fa06bd897) Importer(815301076,1909f56bfc062723c751e8b465ee728b)  -> (artifact id: '8f405426e4395566bc65d7879d029f11') in 0.021425 seconds 
========================================================================
Received Import Request.
  Time since last request: 0.000031 seconds.
  path: Assets/Art/Fantasy Cataboms/Modern_Interiors_Free_v2.2/Modern tiles_Free/Old/Tileset_32x32_3.png
  artifactKey: Guid(788574b068035b04388755392bcd2447) Importer(815301076,1909f56bfc062723c751e8b465ee728b)
Start importing Assets/Art/Fantasy Cataboms/Modern_Interiors_Free_v2.2/Modern tiles_Free/Old/Tileset_32x32_3.png using Guid(788574b068035b04388755392bcd2447) Importer(815301076,1909f56bfc062723c751e8b465ee728b)  -> (artifact id: 'd04e8666e38e236ce219ecd4c5b6eeee') in 0.022041 seconds 
========================================================================
Received Import Request.
  Time since last request: 0.000119 seconds.
  path: Assets/Art/Fantasy Cataboms/Modern_Interiors_Free_v2.2/Modern tiles_Free/Old/Tileset_32x32_2.png
  artifactKey: Guid(fc3a7734f3a3ff848933d9cf276818eb) Importer(815301076,1909f56bfc062723c751e8b465ee728b)
Start importing Assets/Art/Fantasy Cataboms/Modern_Interiors_Free_v2.2/Modern tiles_Free/Old/Tileset_32x32_2.png using Guid(fc3a7734f3a3ff848933d9cf276818eb) Importer(815301076,1909f56bfc062723c751e8b465ee728b)  -> (artifact id: '6a2da369de1fb4f99ed57933a3198566') in 0.025874 seconds 
========================================================================
Received Import Request.
  Time since last request: 0.000053 seconds.
  path: Assets/Art/Fantasy Cataboms/Modern_Interiors_Free_v2.2/Modern tiles_Free/Old/Tileset_48x48_9.png
  artifactKey: Guid(66aea96850cc3e34db5a28a68533d0b7) Importer(815301076,1909f56bfc062723c751e8b465ee728b)
Start importing Assets/Art/Fantasy Cataboms/Modern_Interiors_Free_v2.2/Modern tiles_Free/Old/Tileset_48x48_9.png using Guid(66aea96850cc3e34db5a28a68533d0b7) Importer(815301076,1909f56bfc062723c751e8b465ee728b)  -> (artifact id: 'b75580f587796e303aec982ba903f11c') in 0.026597 seconds 
========================================================================
Received Import Request.
  Time since last request: 0.000025 seconds.
  path: Assets/Art/Fantasy Cataboms/Modern_Interiors_Free_v2.2/Modern tiles_Free/Old/run_horizontal_16x16_2.png
  artifactKey: Guid(d591ed565f987dd45b34ef558c7e7a49) Importer(815301076,1909f56bfc062723c751e8b465ee728b)
Start importing Assets/Art/Fantasy Cataboms/Modern_Interiors_Free_v2.2/Modern tiles_Free/Old/run_horizontal_16x16_2.png using Guid(d591ed565f987dd45b34ef558c7e7a49) Importer(815301076,1909f56bfc062723c751e8b465ee728b)  -> (artifact id: 'ebedeb83c19665771db2f27abeff7d76') in 0.029044 seconds 
========================================================================
Received Import Request.
  Time since last request: 0.000042 seconds.
  path: Assets/Art/Fantasy Cataboms/Modern_Interiors_Free_v2.2/Modern tiles_Free/Old/Tileset_16x16_1.png
  artifactKey: Guid(fef037046b78cfc48a62b87c171c8a26) Importer(815301076,1909f56bfc062723c751e8b465ee728b)
Start importing Assets/Art/Fantasy Cataboms/Modern_Interiors_Free_v2.2/Modern tiles_Free/Old/Tileset_16x16_1.png using Guid(fef037046b78cfc48a62b87c171c8a26) Importer(815301076,1909f56bfc062723c751e8b465ee728b)  -> (artifact id: '7e307f0330d9be731a54a90f79e668f1') in 0.023382 seconds 
========================================================================
Received Import Request.
  Time since last request: 0.000043 seconds.
  path: Assets/Art/Fantasy Cataboms/Modern_Interiors_Free_v2.2/Modern tiles_Free/Old/Tileset_32x32_9.png
  artifactKey: Guid(a2d13d92b2a52e0489182758137eb378) Importer(815301076,1909f56bfc062723c751e8b465ee728b)
Start importing Assets/Art/Fantasy Cataboms/Modern_Interiors_Free_v2.2/Modern tiles_Free/Old/Tileset_32x32_9.png using Guid(a2d13d92b2a52e0489182758137eb378) Importer(815301076,1909f56bfc062723c751e8b465ee728b)  -> (artifact id: '7ed3b1baba30d6d46363e7e810faf13e') in 0.025340 seconds 
========================================================================
Received Import Request.
  Time since last request: 0.000036 seconds.
  path: Assets/Art/Fantasy Cataboms/Modern_Interiors_Free_v2.2/Modern tiles_Free/Old/Tileset_16x16_9.png
  artifactKey: Guid(5791e6b6d922b04449e518e759f39f57) Importer(815301076,1909f56bfc062723c751e8b465ee728b)
Start importing Assets/Art/Fantasy Cataboms/Modern_Interiors_Free_v2.2/Modern tiles_Free/Old/Tileset_16x16_9.png using Guid(5791e6b6d922b04449e518e759f39f57) Importer(815301076,1909f56bfc062723c751e8b465ee728b)  -> (artifact id: '61d09c56a5c1e391ae1dd994b42b995e') in 0.026543 seconds 
========================================================================
Received Import Request.
  Time since last request: 0.000051 seconds.
  path: Assets/Art/Fantasy Cataboms/Modern_Interiors_Free_v2.2/Modern tiles_Free/Old/run_horizontal_48x48_2.png
  artifactKey: Guid(1d431fb193be212499fc29c1be831908) Importer(815301076,1909f56bfc062723c751e8b465ee728b)
Start importing Assets/Art/Fantasy Cataboms/Modern_Interiors_Free_v2.2/Modern tiles_Free/Old/run_horizontal_48x48_2.png using Guid(1d431fb193be212499fc29c1be831908) Importer(815301076,1909f56bfc062723c751e8b465ee728b)  -> (artifact id: 'ed98e3975f020ff3df434747cc5c4caf') in 0.021336 seconds 
========================================================================
Received Import Request.
  Time since last request: 0.000020 seconds.
  path: Assets/Art/Fantasy Cataboms/Modern_Interiors_Free_v2.2/Modern tiles_Free/Old/Tileset_48x48_16.png
  artifactKey: Guid(73c956fad7b2f8649a64a7e7965c0af5) Importer(815301076,1909f56bfc062723c751e8b465ee728b)
Start importing Assets/Art/Fantasy Cataboms/Modern_Interiors_Free_v2.2/Modern tiles_Free/Old/Tileset_48x48_16.png using Guid(73c956fad7b2f8649a64a7e7965c0af5) Importer(815301076,1909f56bfc062723c751e8b465ee728b)  -> (artifact id: '655f8a1b11f85803a99de30e283a6a0d') in 0.025891 seconds 
========================================================================
Received Import Request.
  Time since last request: 5.068904 seconds.
  path: Assets/Art/Fantasy Cataboms/Modern_Interiors_Free_v2.2/Modern tiles_Free/Old/mv
  artifactKey: Guid(bd5fa8f474ebe41499b29f45de91f78d) Importer(815301076,1909f56bfc062723c751e8b465ee728b)
Start importing Assets/Art/Fantasy Cataboms/Modern_Interiors_Free_v2.2/Modern tiles_Free/Old/mv using Guid(bd5fa8f474ebe41499b29f45de91f78d) Importer(815301076,1909f56bfc062723c751e8b465ee728b)  -> (artifact id: 'd4e19c4adfd7cec5f2a46629f3b1dfb0') in 0.009319 seconds 
========================================================================
Received Import Request.
  Time since last request: 0.043506 seconds.
  path: Assets/Art/Fantasy Cataboms/Modern_Interiors_Free_v2.2/Modern tiles_Free/Old/mv/Character_2_16x16_RPGMAKER.png
  artifactKey: Guid(fa7c027a9f2097d45844a34ab93c3985) Importer(815301076,1909f56bfc062723c751e8b465ee728b)
Start importing Assets/Art/Fantasy Cataboms/Modern_Interiors_Free_v2.2/Modern tiles_Free/Old/mv/Character_2_16x16_RPGMAKER.png using Guid(fa7c027a9f2097d45844a34ab93c3985) Importer(815301076,1909f56bfc062723c751e8b465ee728b)  -> (artifact id: 'e00fc58daad8e3aa67d22fba505f8353') in 0.019658 seconds 
========================================================================
Received Import Request.
  Time since last request: 14.993857 seconds.
  path: Assets/Art/Fantasy Cataboms/RF_Catacombs_v1.0/Fantasy Catacombs.prefab
  artifactKey: Guid(ad428940f79c8684eb71482306b75b66) Importer(815301076,1909f56bfc062723c751e8b465ee728b)
Start importing Assets/Art/Fantasy Cataboms/RF_Catacombs_v1.0/Fantasy Catacombs.prefab using Guid(ad428940f79c8684eb71482306b75b66) Importer(815301076,1909f56bfc062723c751e8b465ee728b)  -> (artifact id: '84e8842b0c4056749a69e6484d645342') in 3.289240 seconds 
========================================================================
Received Import Request.
  Time since last request: 8.150709 seconds.
  path: Assets/Art/Modern_Interiors_Free_v2.2/Modern Interior
  artifactKey: Guid(0e604f5f9a1de1748874939ca7ab4c9d) Importer(815301076,1909f56bfc062723c751e8b465ee728b)
Start importing Assets/Art/Modern_Interiors_Free_v2.2/Modern Interior using Guid(0e604f5f9a1de1748874939ca7ab4c9d) Importer(815301076,1909f56bfc062723c751e8b465ee728b)  -> (artifact id: 'b3436c9d2398cf28c9c87ffafeec4bd0') in 0.006526 seconds 
========================================================================
Received Import Request.
  Time since last request: 24.177187 seconds.
  path: Assets/Art/Modern Interior
  artifactKey: Guid(be0e06061dc13f64e9dbdff5cea72a12) Importer(815301076,1909f56bfc062723c751e8b465ee728b)
Start importing Assets/Art/Modern Interior using Guid(be0e06061dc13f64e9dbdff5cea72a12) Importer(815301076,1909f56bfc062723c751e8b465ee728b)  -> (artifact id: 'acea29c0c710668a0a26414bdbfe7a69') in 0.002569 seconds 
========================================================================
Received Import Request.
  Time since last request: 4.553849 seconds.
  path: Assets/Art/Modern Interior/Modern tiles_Free/Interiors_free
  artifactKey: Guid(bc1b7c27e4e23f7409d240a75b78be3b) Importer(815301076,1909f56bfc062723c751e8b465ee728b)
Start importing Assets/Art/Modern Interior/Modern tiles_Free/Interiors_free using Guid(bc1b7c27e4e23f7409d240a75b78be3b) Importer(815301076,1909f56bfc062723c751e8b465ee728b)  -> (artifact id: '996b6e80fa4a2c38479825c6a4146a4a') in 0.008243 seconds 
========================================================================
Received Import Request.
  Time since last request: 1.592882 seconds.
  path: Assets/Art/Modern Interior/Modern tiles_Free/Interiors_free/48x48
  artifactKey: Guid(d5cae46a3e2e5a34a8e7d4a21b06b839) Importer(815301076,1909f56bfc062723c751e8b465ee728b)
Start importing Assets/Art/Modern Interior/Modern tiles_Free/Interiors_free/48x48 using Guid(d5cae46a3e2e5a34a8e7d4a21b06b839) Importer(815301076,1909f56bfc062723c751e8b465ee728b)  -> (artifact id: '9c64106afcedf02dcd20ab0d42a2546a') in 0.008697 seconds 
========================================================================
Received Import Request.
  Time since last request: 0.045594 seconds.
  path: Assets/Art/Modern Interior/Modern tiles_Free/Interiors_free/48x48/Interiors_free_48x48.png
  artifactKey: Guid(4b2d634cc5dcee34db29b3969381083c) Importer(815301076,1909f56bfc062723c751e8b465ee728b)
Start importing Assets/Art/Modern Interior/Modern tiles_Free/Interiors_free/48x48/Interiors_free_48x48.png using Guid(4b2d634cc5dcee34db29b3969381083c) Importer(815301076,1909f56bfc062723c751e8b465ee728b)  -> (artifact id: '0bbf3cec539f0416863632dfda33554e') in 0.019445 seconds 
========================================================================
Received Import Request.
  Time since last request: 4.797415 seconds.
  path: Assets/Art/Modern Interior/Modern tiles_Free/Interiors_free/32x32
  artifactKey: Guid(2707c6fdbd0a31f4698a926ed3e3679c) Importer(815301076,1909f56bfc062723c751e8b465ee728b)
Start importing Assets/Art/Modern Interior/Modern tiles_Free/Interiors_free/32x32 using Guid(2707c6fdbd0a31f4698a926ed3e3679c) Importer(815301076,1909f56bfc062723c751e8b465ee728b)  -> (artifact id: 'ee3dfe231d9fe773a86e5d79c9d9d934') in 0.008796 seconds 
========================================================================
Received Import Request.
  Time since last request: 0.057575 seconds.
  path: Assets/Art/Modern Interior/Modern tiles_Free/Interiors_free/32x32/Interiors_free_32x32.png
  artifactKey: Guid(0a2094c14abca4c46b18d1311f8ca850) Importer(815301076,1909f56bfc062723c751e8b465ee728b)
Start importing Assets/Art/Modern Interior/Modern tiles_Free/Interiors_free/32x32/Interiors_free_32x32.png using Guid(0a2094c14abca4c46b18d1311f8ca850) Importer(815301076,1909f56bfc062723c751e8b465ee728b)  -> (artifact id: 'a3f24bde0a1a905ef77b4685e5ac3f92') in 0.017325 seconds 
========================================================================
Received Import Request.
  Time since last request: 1.933053 seconds.
  path: Assets/Art/Modern Interior/Modern tiles_Free/Interiors_free/16x16
  artifactKey: Guid(ae78276a3a726684abb0f044ca35515a) Importer(815301076,1909f56bfc062723c751e8b465ee728b)
Start importing Assets/Art/Modern Interior/Modern tiles_Free/Interiors_free/16x16 using Guid(ae78276a3a726684abb0f044ca35515a) Importer(815301076,1909f56bfc062723c751e8b465ee728b)  -> (artifact id: 'b18ffbda6ff54af5ea6e7c80a8a88d1a') in 0.007969 seconds 
========================================================================
Received Import Request.
  Time since last request: 0.042511 seconds.
  path: Assets/Art/Modern Interior/Modern tiles_Free/Interiors_free/16x16/Interiors_free_16x16.png
  artifactKey: Guid(149c163df534ac1489405125d562c5ec) Importer(815301076,1909f56bfc062723c751e8b465ee728b)
Start importing Assets/Art/Modern Interior/Modern tiles_Free/Interiors_free/16x16/Interiors_free_16x16.png using Guid(149c163df534ac1489405125d562c5ec) Importer(815301076,1909f56bfc062723c751e8b465ee728b)  -> (artifact id: '54a300115653b9bae8dd1fdd83278cfc') in 0.015908 seconds 
========================================================================
Received Import Request.
  Time since last request: 272.109829 seconds.
  path: Assets/Art/Modern Interior Free Version/Modern tiles_Free/Interiors_free/16x16/Room_Builder_free_16x16.png
  artifactKey: Guid(f8bc1c91479ed954e993b34538c9cdfa) Importer(815301076,1909f56bfc062723c751e8b465ee728b)
Start importing Assets/Art/Modern Interior Free Version/Modern tiles_Free/Interiors_free/16x16/Room_Builder_free_16x16.png using Guid(f8bc1c91479ed954e993b34538c9cdfa) Importer(815301076,1909f56bfc062723c751e8b465ee728b)  -> (artifact id: 'e2172a1ef8d4552cbd5628c8c913279a') in 0.018230 seconds 
========================================================================
Received Import Request.
  Time since last request: 36.422218 seconds.
  path: Assets/Art/Modern Interior Free Version/Modern tiles_Free/Interiors_free/16x16/Modern Interior.prefab
  artifactKey: Guid(89204b4fac6fc1048a3a6d97934fc339) Importer(815301076,1909f56bfc062723c751e8b465ee728b)
Start importing Assets/Art/Modern Interior Free Version/Modern tiles_Free/Interiors_free/16x16/Modern Interior.prefab using Guid(89204b4fac6fc1048a3a6d97934fc339) Importer(815301076,1909f56bfc062723c751e8b465ee728b)  -> (artifact id: '647a1d0ab127ec65987156b87c4e9bdf') in 0.016893 seconds 
========================================================================
Received Import Request.
  Time since last request: 33.921405 seconds.
  path: Assets/Art/Modern Interior Free Version/Modern tiles_Free/Interiors_free/16x16/Modern Interior.prefab
  artifactKey: Guid(89204b4fac6fc1048a3a6d97934fc339) Importer(815301076,1909f56bfc062723c751e8b465ee728b)
Start importing Assets/Art/Modern Interior Free Version/Modern tiles_Free/Interiors_free/16x16/Modern Interior.prefab using Guid(89204b4fac6fc1048a3a6d97934fc339) Importer(815301076,1909f56bfc062723c751e8b465ee728b)  -> (artifact id: 'f6db8d66bbde8399763e1f9c41284b80') in 0.021805 seconds 
========================================================================
Received Import Request.
  Time since last request: 135.905757 seconds.
  path: Assets/Art/Modern Interior Free Version/Modern tiles_Free/Interiors_free/16x16/Room_Builder_free_16x16.png
  artifactKey: Guid(f8bc1c91479ed954e993b34538c9cdfa) Importer(815301076,1909f56bfc062723c751e8b465ee728b)
Start importing Assets/Art/Modern Interior Free Version/Modern tiles_Free/Interiors_free/16x16/Room_Builder_free_16x16.png using Guid(f8bc1c91479ed954e993b34538c9cdfa) Importer(815301076,1909f56bfc062723c751e8b465ee728b)  -> (artifact id: 'eac08b9c0fcd9d28182367e68a23670b') in 0.015625 seconds 
========================================================================
Received Import Request.
  Time since last request: 51.954974 seconds.
  path: Assets/Art/Modern Interior Free Version/Modern tiles_Free/Interiors_free/16x16/Room_Builder_free_16x16.png
  artifactKey: Guid(f8bc1c91479ed954e993b34538c9cdfa) Importer(815301076,1909f56bfc062723c751e8b465ee728b)
Start importing Assets/Art/Modern Interior Free Version/Modern tiles_Free/Interiors_free/16x16/Room_Builder_free_16x16.png using Guid(f8bc1c91479ed954e993b34538c9cdfa) Importer(815301076,1909f56bfc062723c751e8b465ee728b)  -> (artifact id: 'aec65670dee6012c0e71ecb47542cf38') in 0.630025 seconds 
========================================================================
Received Import Request.
  Time since last request: 81.831087 seconds.
  path: Assets/Art/Fantasy Cataboms/RF_Catacombs_v1.0/Tiles/mainlevbuild_0.asset
  artifactKey: Guid(f920b9dbb8acc614b9b22f7a5ea47823) Importer(815301076,1909f56bfc062723c751e8b465ee728b)
Start importing Assets/Art/Fantasy Cataboms/RF_Catacombs_v1.0/Tiles/mainlevbuild_0.asset using Guid(f920b9dbb8acc614b9b22f7a5ea47823) Importer(815301076,1909f56bfc062723c751e8b465ee728b)  -> (artifact id: '5e0de42e18624abcf2fb21916767df35') in 0.045038 seconds 
========================================================================
Received Import Request.
  Time since last request: 0.000064 seconds.
  path: Assets/Art/Fantasy Cataboms/RF_Catacombs_v1.0/Tiles/mainlevbuild_6.asset
  artifactKey: Guid(37c7b76f259e63a4db1ec527f8267da3) Importer(815301076,1909f56bfc062723c751e8b465ee728b)
Start importing Assets/Art/Fantasy Cataboms/RF_Catacombs_v1.0/Tiles/mainlevbuild_6.asset using Guid(37c7b76f259e63a4db1ec527f8267da3) Importer(815301076,1909f56bfc062723c751e8b465ee728b)  -> (artifact id: 'ce56de7aeeaa12aba9b4c828e71915d5') in 0.027735 seconds 
========================================================================
Received Import Request.
  Time since last request: 0.000045 seconds.
  path: Assets/Art/Fantasy Cataboms/RF_Catacombs_v1.0/Tiles/mainlevbuild_4.asset
  artifactKey: Guid(9a2d0def3afd35d479a9d9c25cea33db) Importer(815301076,1909f56bfc062723c751e8b465ee728b)
Start importing Assets/Art/Fantasy Cataboms/RF_Catacombs_v1.0/Tiles/mainlevbuild_4.asset using Guid(9a2d0def3afd35d479a9d9c25cea33db) Importer(815301076,1909f56bfc062723c751e8b465ee728b)  -> (artifact id: 'e48c03bad2dbde1dad28d78a2dd409ba') in 0.026696 seconds 
========================================================================
Received Import Request.
  Time since last request: 0.000033 seconds.
  path: Assets/Art/Fantasy Cataboms/RF_Catacombs_v1.0/Tiles/mainlevbuild_5.asset
  artifactKey: Guid(97ce4dc5d79abf3498a16089cee8e090) Importer(815301076,1909f56bfc062723c751e8b465ee728b)
Start importing Assets/Art/Fantasy Cataboms/RF_Catacombs_v1.0/Tiles/mainlevbuild_5.asset using Guid(97ce4dc5d79abf3498a16089cee8e090) Importer(815301076,1909f56bfc062723c751e8b465ee728b)  -> (artifact id: 'cc60eeb2622c9fcf23d06746e368438b') in 0.024397 seconds 
========================================================================
Received Import Request.
  Time since last request: 7.290876 seconds.
  path: Assets/Art/Fantasy Cataboms/RF_Catacombs_v1.0/Tiles/mainlevbuild_8.asset
  artifactKey: Guid(934b01bdfa8ff424f91e5f61883db902) Importer(815301076,1909f56bfc062723c751e8b465ee728b)
Start importing Assets/Art/Fantasy Cataboms/RF_Catacombs_v1.0/Tiles/mainlevbuild_8.asset using Guid(934b01bdfa8ff424f91e5f61883db902) Importer(815301076,1909f56bfc062723c751e8b465ee728b)  -> (artifact id: '87f0bcfa6d19a46d06f7a5c00c8800ac') in 0.023192 seconds 
========================================================================
Received Import Request.
  Time since last request: 0.189034 seconds.
  path: Assets/Art/Fantasy Cataboms/RF_Catacombs_v1.0/Tiles/mainlevbuild_10.asset
  artifactKey: Guid(02781bcb294130e43a7e20e177f77a42) Importer(815301076,1909f56bfc062723c751e8b465ee728b)
Start importing Assets/Art/Fantasy Cataboms/RF_Catacombs_v1.0/Tiles/mainlevbuild_10.asset using Guid(02781bcb294130e43a7e20e177f77a42) Importer(815301076,1909f56bfc062723c751e8b465ee728b)  -> (artifact id: 'ffec37a4950ebc343e255ddac2ea25b3') in 0.024997 seconds 
========================================================================
Received Import Request.
  Time since last request: 0.087308 seconds.
  path: Assets/Art/Fantasy Cataboms/RF_Catacombs_v1.0/Tiles/mainlevbuild_12.asset
  artifactKey: Guid(42dce0f64b2d34d45925e38a481cd0ce) Importer(815301076,1909f56bfc062723c751e8b465ee728b)
Start importing Assets/Art/Fantasy Cataboms/RF_Catacombs_v1.0/Tiles/mainlevbuild_12.asset using Guid(42dce0f64b2d34d45925e38a481cd0ce) Importer(815301076,1909f56bfc062723c751e8b465ee728b)  -> (artifact id: '2a71e8aa9d589f1e2cbf27f9797542d3') in 0.018113 seconds 
========================================================================
Received Import Request.
  Time since last request: 40.240654 seconds.
  path: Assets/Art/Fantasy Cataboms/RF_Catacombs_v1.0/Tiles/mainlevbuild_71.asset
  artifactKey: Guid(8613bfcecc3f0fa48b6074eb96917006) Importer(815301076,1909f56bfc062723c751e8b465ee728b)
Start importing Assets/Art/Fantasy Cataboms/RF_Catacombs_v1.0/Tiles/mainlevbuild_71.asset using Guid(8613bfcecc3f0fa48b6074eb96917006) Importer(815301076,1909f56bfc062723c751e8b465ee728b)  -> (artifact id: '112c70e14eefd66f8eefc084f4760b1d') in 0.025083 seconds 
========================================================================
Received Import Request.
  Time since last request: 0.000079 seconds.
  path: Assets/Art/Fantasy Cataboms/RF_Catacombs_v1.0/Tiles/mainlevbuild_92.asset
  artifactKey: Guid(2f34c2b039c0dbd40bca6c95b624ac85) Importer(815301076,1909f56bfc062723c751e8b465ee728b)
Start importing Assets/Art/Fantasy Cataboms/RF_Catacombs_v1.0/Tiles/mainlevbuild_92.asset using Guid(2f34c2b039c0dbd40bca6c95b624ac85) Importer(815301076,1909f56bfc062723c751e8b465ee728b)  -> (artifact id: '68a2c56e1b547cc8650e4ed5755d9176') in 0.026836 seconds 
========================================================================
Received Import Request.
  Time since last request: 0.000082 seconds.
  path: Assets/Art/Fantasy Cataboms/RF_Catacombs_v1.0/Tiles/mainlevbuild_100.asset
  artifactKey: Guid(9ab71ddf5dd61d945a6964dead5772e8) Importer(815301076,1909f56bfc062723c751e8b465ee728b)
Start importing Assets/Art/Fantasy Cataboms/RF_Catacombs_v1.0/Tiles/mainlevbuild_100.asset using Guid(9ab71ddf5dd61d945a6964dead5772e8) Importer(815301076,1909f56bfc062723c751e8b465ee728b)  -> (artifact id: 'cdcf922af99abf4e3f8b1dc501e1f856') in 0.021494 seconds 
========================================================================
Received Import Request.
  Time since last request: 0.000051 seconds.
  path: Assets/Art/Fantasy Cataboms/RF_Catacombs_v1.0/Tiles/mainlevbuild_81.asset
  artifactKey: Guid(e8501f7189f4aeb44a0443c4cf1302d1) Importer(815301076,1909f56bfc062723c751e8b465ee728b)
Start importing Assets/Art/Fantasy Cataboms/RF_Catacombs_v1.0/Tiles/mainlevbuild_81.asset using Guid(e8501f7189f4aeb44a0443c4cf1302d1) Importer(815301076,1909f56bfc062723c751e8b465ee728b)  -> (artifact id: '31d64405d703bd068598ba69c0367889') in 0.027354 seconds 
========================================================================
Received Import Request.
  Time since last request: 0.000027 seconds.
  path: Assets/Art/Fantasy Cataboms/RF_Catacombs_v1.0/Tiles/mainlevbuild_102.asset
  artifactKey: Guid(b114c83594be1c5418782022488e7cec) Importer(815301076,1909f56bfc062723c751e8b465ee728b)
Start importing Assets/Art/Fantasy Cataboms/RF_Catacombs_v1.0/Tiles/mainlevbuild_102.asset using Guid(b114c83594be1c5418782022488e7cec) Importer(815301076,1909f56bfc062723c751e8b465ee728b)  -> (artifact id: 'd15272195a4e4c1b84d24ed057858978') in 0.021412 seconds 
========================================================================
Received Import Request.
  Time since last request: 0.000026 seconds.
  path: Assets/Art/Fantasy Cataboms/RF_Catacombs_v1.0/Tiles/mainlevbuild_85.asset
  artifactKey: Guid(b0e273ba16ee4d14a847efc09cb5e0d1) Importer(815301076,1909f56bfc062723c751e8b465ee728b)
Start importing Assets/Art/Fantasy Cataboms/RF_Catacombs_v1.0/Tiles/mainlevbuild_85.asset using Guid(b0e273ba16ee4d14a847efc09cb5e0d1) Importer(815301076,1909f56bfc062723c751e8b465ee728b)  -> (artifact id: '670997adb34e9c0ffe03a2168b21a368') in 0.026516 seconds 
========================================================================
Received Import Request.
  Time since last request: 0.000030 seconds.
  path: Assets/Art/Fantasy Cataboms/RF_Catacombs_v1.0/Tiles/mainlevbuild_105.asset
  artifactKey: Guid(54e17c5e895d5864ab13421f990df245) Importer(815301076,1909f56bfc062723c751e8b465ee728b)
Start importing Assets/Art/Fantasy Cataboms/RF_Catacombs_v1.0/Tiles/mainlevbuild_105.asset using Guid(54e17c5e895d5864ab13421f990df245) Importer(815301076,1909f56bfc062723c751e8b465ee728b)  -> (artifact id: 'e4c6f96e2ffb14bcb91a45d68613cf06') in 0.017498 seconds 
========================================================================
Received Import Request.
  Time since last request: 0.000034 seconds.
  path: Assets/Art/Fantasy Cataboms/RF_Catacombs_v1.0/Tiles/mainlevbuild_97.asset
  artifactKey: Guid(a4d9fb816fd85254183a5b09d6aecd2f) Importer(815301076,1909f56bfc062723c751e8b465ee728b)
Start importing Assets/Art/Fantasy Cataboms/RF_Catacombs_v1.0/Tiles/mainlevbuild_97.asset using Guid(a4d9fb816fd85254183a5b09d6aecd2f) Importer(815301076,1909f56bfc062723c751e8b465ee728b)  -> (artifact id: '95f54cd4cddbf9b139747ab1f3d65701') in 0.021858 seconds 
========================================================================
Received Import Request.
  Time since last request: 0.000044 seconds.
  path: Assets/Art/Fantasy Cataboms/RF_Catacombs_v1.0/Tiles/mainlevbuild_73.asset
  artifactKey: Guid(5b5e4b0a700080f43b79a3514a962c83) Importer(815301076,1909f56bfc062723c751e8b465ee728b)
Start importing Assets/Art/Fantasy Cataboms/RF_Catacombs_v1.0/Tiles/mainlevbuild_73.asset using Guid(5b5e4b0a700080f43b79a3514a962c83) Importer(815301076,1909f56bfc062723c751e8b465ee728b)  -> (artifact id: '319364d28a2c7f4c13c74ee32496dd42') in 0.021806 seconds 
========================================================================
Received Import Request.
  Time since last request: 0.000034 seconds.
  path: Assets/Art/Fantasy Cataboms/RF_Catacombs_v1.0/Tiles/mainlevbuild_108.asset
  artifactKey: Guid(64d02b5bae80071478c213056a38161a) Importer(815301076,1909f56bfc062723c751e8b465ee728b)
Start importing Assets/Art/Fantasy Cataboms/RF_Catacombs_v1.0/Tiles/mainlevbuild_108.asset using Guid(64d02b5bae80071478c213056a38161a) Importer(815301076,1909f56bfc062723c751e8b465ee728b)  -> (artifact id: 'b439146293c8eb8e89cc75b37c41c0f9') in 0.020720 seconds 
========================================================================
Received Import Request.
  Time since last request: 0.000064 seconds.
  path: Assets/Art/Fantasy Cataboms/RF_Catacombs_v1.0/Tiles/mainlevbuild_83.asset
  artifactKey: Guid(3398eeead882cbf4eaf2ac18ab0c930d) Importer(815301076,1909f56bfc062723c751e8b465ee728b)
Start importing Assets/Art/Fantasy Cataboms/RF_Catacombs_v1.0/Tiles/mainlevbuild_83.asset using Guid(3398eeead882cbf4eaf2ac18ab0c930d) Importer(815301076,1909f56bfc062723c751e8b465ee728b)  -> (artifact id: '5064819a2e0b18d2b278e90ec19d812e') in 0.020403 seconds 
========================================================================
Received Import Request.
  Time since last request: 0.000027 seconds.
  path: Assets/Art/Fantasy Cataboms/RF_Catacombs_v1.0/Tiles/mainlevbuild_76.asset
  artifactKey: Guid(aa99d6cecc514de46a7b90bf9debbfef) Importer(815301076,1909f56bfc062723c751e8b465ee728b)
Start importing Assets/Art/Fantasy Cataboms/RF_Catacombs_v1.0/Tiles/mainlevbuild_76.asset using Guid(aa99d6cecc514de46a7b90bf9debbfef) Importer(815301076,1909f56bfc062723c751e8b465ee728b)  -> (artifact id: '12804f294c40eb5decbe3cc28b360ea2') in 0.019268 seconds 
========================================================================
Received Import Request.
  Time since last request: 0.000032 seconds.
  path: Assets/Art/Fantasy Cataboms/RF_Catacombs_v1.0/Tiles/mainlevbuild_101.asset
  artifactKey: Guid(d486f53e362821f4babe6830a6c1e0b4) Importer(815301076,1909f56bfc062723c751e8b465ee728b)
Start importing Assets/Art/Fantasy Cataboms/RF_Catacombs_v1.0/Tiles/mainlevbuild_101.asset using Guid(d486f53e362821f4babe6830a6c1e0b4) Importer(815301076,1909f56bfc062723c751e8b465ee728b)  -> (artifact id: '3f41d8b719c5f998051079c2c8479bb4') in 0.022544 seconds 
========================================================================
Received Import Request.
  Time since last request: 0.000029 seconds.
  path: Assets/Art/Fantasy Cataboms/RF_Catacombs_v1.0/Tiles/mainlevbuild_91.asset
  artifactKey: Guid(90dd1653d71a65d4bb173b7a9b5c9b7b) Importer(815301076,1909f56bfc062723c751e8b465ee728b)
Start importing Assets/Art/Fantasy Cataboms/RF_Catacombs_v1.0/Tiles/mainlevbuild_91.asset using Guid(90dd1653d71a65d4bb173b7a9b5c9b7b) Importer(815301076,1909f56bfc062723c751e8b465ee728b)  -> (artifact id: 'c3b408339ed5a75c57a303526ef0dd6a') in 0.017910 seconds 
========================================================================
Received Import Request.
  Time since last request: 0.971961 seconds.
  path: Assets/Art/Fantasy Cataboms/RF_Catacombs_v1.0/Tiles/mainlevbuild_61.asset
  artifactKey: Guid(71d4d294681409a4399817d4ec295c3d) Importer(815301076,1909f56bfc062723c751e8b465ee728b)
Start importing Assets/Art/Fantasy Cataboms/RF_Catacombs_v1.0/Tiles/mainlevbuild_61.asset using Guid(71d4d294681409a4399817d4ec295c3d) Importer(815301076,1909f56bfc062723c751e8b465ee728b)  -> (artifact id: '78f0fd874ff8687f12d512520133bf3d') in 0.030568 seconds 
========================================================================
Received Import Request.
  Time since last request: 0.000029 seconds.
  path: Assets/Art/Fantasy Cataboms/RF_Catacombs_v1.0/Tiles/mainlevbuild_68.asset
  artifactKey: Guid(2d42d425cf2846f48b685926e21df661) Importer(815301076,1909f56bfc062723c751e8b465ee728b)
Start importing Assets/Art/Fantasy Cataboms/RF_Catacombs_v1.0/Tiles/mainlevbuild_68.asset using Guid(2d42d425cf2846f48b685926e21df661) Importer(815301076,1909f56bfc062723c751e8b465ee728b)  -> (artifact id: '7ac6f9796bd98f1c05c6e4daff135fef') in 0.023483 seconds 
========================================================================
Received Import Request.
  Time since last request: 0.000041 seconds.
  path: Assets/Art/Fantasy Cataboms/RF_Catacombs_v1.0/Tiles/mainlevbuild_64.asset
  artifactKey: Guid(2c6108d2589017b4990b7b8017c732b7) Importer(815301076,1909f56bfc062723c751e8b465ee728b)
Start importing Assets/Art/Fantasy Cataboms/RF_Catacombs_v1.0/Tiles/mainlevbuild_64.asset using Guid(2c6108d2589017b4990b7b8017c732b7) Importer(815301076,1909f56bfc062723c751e8b465ee728b)  -> (artifact id: 'f7128f9da4a383c65b456fdd637b8a81') in 0.021490 seconds 
========================================================================
Received Import Request.
  Time since last request: 0.000093 seconds.
  path: Assets/Art/Fantasy Cataboms/RF_Catacombs_v1.0/Tiles/mainlevbuild_55.asset
  artifactKey: Guid(eae0f083e7ad4264cad1b3a2990f5a59) Importer(815301076,1909f56bfc062723c751e8b465ee728b)
Start importing Assets/Art/Fantasy Cataboms/RF_Catacombs_v1.0/Tiles/mainlevbuild_55.asset using Guid(eae0f083e7ad4264cad1b3a2990f5a59) Importer(815301076,1909f56bfc062723c751e8b465ee728b)  -> (artifact id: '08e11920817fbae9e7ea76b0aae9311b') in 0.025330 seconds 
========================================================================
Received Import Request.
  Time since last request: 0.000026 seconds.
  path: Assets/Art/Fantasy Cataboms/RF_Catacombs_v1.0/Tiles/mainlevbuild_58.asset
  artifactKey: Guid(21ebd02a27647b040972f2f3b8dab38a) Importer(815301076,1909f56bfc062723c751e8b465ee728b)
Start importing Assets/Art/Fantasy Cataboms/RF_Catacombs_v1.0/Tiles/mainlevbuild_58.asset using Guid(21ebd02a27647b040972f2f3b8dab38a) Importer(815301076,1909f56bfc062723c751e8b465ee728b)  -> (artifact id: '22ead63b62fd85646c74521c906d7390') in 0.021705 seconds 
========================================================================
Received Import Request.
  Time since last request: 0.000029 seconds.
  path: Assets/Art/Fantasy Cataboms/RF_Catacombs_v1.0/Tiles/mainlevbuild_30.asset
  artifactKey: Guid(1c6ca202e35da804fabc5d86d80fa736) Importer(815301076,1909f56bfc062723c751e8b465ee728b)
Start importing Assets/Art/Fantasy Cataboms/RF_Catacombs_v1.0/Tiles/mainlevbuild_30.asset using Guid(1c6ca202e35da804fabc5d86d80fa736) Importer(815301076,1909f56bfc062723c751e8b465ee728b)  -> (artifact id: '44a2b36965516dacabdf8dfa9dde701a') in 0.022987 seconds 
========================================================================
Received Import Request.
  Time since last request: 0.000041 seconds.
  path: Assets/Art/Fantasy Cataboms/RF_Catacombs_v1.0/Tiles/mainlevbuild_48.asset
  artifactKey: Guid(3a0fa7b553b16404e941554d840974b9) Importer(815301076,1909f56bfc062723c751e8b465ee728b)
Start importing Assets/Art/Fantasy Cataboms/RF_Catacombs_v1.0/Tiles/mainlevbuild_48.asset using Guid(3a0fa7b553b16404e941554d840974b9) Importer(815301076,1909f56bfc062723c751e8b465ee728b)  -> (artifact id: 'e865e0c8722b3f3d6c229fe6b930f7de') in 0.024974 seconds 
========================================================================
Received Import Request.
  Time since last request: 0.000035 seconds.
  path: Assets/Art/Fantasy Cataboms/RF_Catacombs_v1.0/Tiles/mainlevbuild_28.asset
  artifactKey: Guid(ae68a65b74a67ae47be3f18b61673fea) Importer(815301076,1909f56bfc062723c751e8b465ee728b)
Start importing Assets/Art/Fantasy Cataboms/RF_Catacombs_v1.0/Tiles/mainlevbuild_28.asset using Guid(ae68a65b74a67ae47be3f18b61673fea) Importer(815301076,1909f56bfc062723c751e8b465ee728b)  -> (artifact id: '0921eb024f083f3c1a9416f5bbaf6f16') in 0.019618 seconds 
========================================================================
Received Import Request.
  Time since last request: 0.000142 seconds.
  path: Assets/Art/Fantasy Cataboms/RF_Catacombs_v1.0/Tiles/mainlevbuild_38.asset
  artifactKey: Guid(ffff2b875c247784aae9fe96691a66e2) Importer(815301076,1909f56bfc062723c751e8b465ee728b)
Start importing Assets/Art/Fantasy Cataboms/RF_Catacombs_v1.0/Tiles/mainlevbuild_38.asset using Guid(ffff2b875c247784aae9fe96691a66e2) Importer(815301076,1909f56bfc062723c751e8b465ee728b)  -> (artifact id: 'f5342df41dbe99fb4b4190abdf66b528') in 0.015564 seconds 
========================================================================
Received Import Request.
  Time since last request: 0.000052 seconds.
  path: Assets/Art/Fantasy Cataboms/RF_Catacombs_v1.0/Tiles/mainlevbuild_54.asset
  artifactKey: Guid(d5a22df73e6ba054c94a435a4652026b) Importer(815301076,1909f56bfc062723c751e8b465ee728b)
Start importing Assets/Art/Fantasy Cataboms/RF_Catacombs_v1.0/Tiles/mainlevbuild_54.asset using Guid(d5a22df73e6ba054c94a435a4652026b) Importer(815301076,1909f56bfc062723c751e8b465ee728b)  -> (artifact id: '61325e4090381dac344ec62e2df2c9ce') in 0.018788 seconds 
========================================================================
Received Import Request.
  Time since last request: 0.000058 seconds.
  path: Assets/Art/Fantasy Cataboms/RF_Catacombs_v1.0/Tiles/mainlevbuild_51.asset
  artifactKey: Guid(071c2efee1266c748b78e3c4e4b1bfb5) Importer(815301076,1909f56bfc062723c751e8b465ee728b)
Start importing Assets/Art/Fantasy Cataboms/RF_Catacombs_v1.0/Tiles/mainlevbuild_51.asset using Guid(071c2efee1266c748b78e3c4e4b1bfb5) Importer(815301076,1909f56bfc062723c751e8b465ee728b)  -> (artifact id: '5379d9424a94185b04b547a4cb78f66a') in 0.019769 seconds 
========================================================================
Received Import Request.
  Time since last request: 0.000043 seconds.
  path: Assets/Art/Fantasy Cataboms/RF_Catacombs_v1.0/Tiles/mainlevbuild_42.asset
  artifactKey: Guid(35f41975d8996624bb38a1375ad3a083) Importer(815301076,1909f56bfc062723c751e8b465ee728b)
Start importing Assets/Art/Fantasy Cataboms/RF_Catacombs_v1.0/Tiles/mainlevbuild_42.asset using Guid(35f41975d8996624bb38a1375ad3a083) Importer(815301076,1909f56bfc062723c751e8b465ee728b)  -> (artifact id: '413eb48e8c63455fd11e1480c149d816') in 0.020513 seconds 
========================================================================
Received Import Request.
  Time since last request: 0.000059 seconds.
  path: Assets/Art/Fantasy Cataboms/RF_Catacombs_v1.0/Tiles/mainlevbuild_33.asset
  artifactKey: Guid(5fa0a34f2029807489ebf89250da6e95) Importer(815301076,1909f56bfc062723c751e8b465ee728b)
Start importing Assets/Art/Fantasy Cataboms/RF_Catacombs_v1.0/Tiles/mainlevbuild_33.asset using Guid(5fa0a34f2029807489ebf89250da6e95) Importer(815301076,1909f56bfc062723c751e8b465ee728b)  -> (artifact id: '367b960b7885e1f48815518d61b27356') in 0.020642 seconds 
========================================================================
Received Import Request.
  Time since last request: 0.000044 seconds.
  path: Assets/Art/Fantasy Cataboms/RF_Catacombs_v1.0/Tiles/mainlevbuild_53.asset
  artifactKey: Guid(e154172490e2a3645b9809cd63b42d00) Importer(815301076,1909f56bfc062723c751e8b465ee728b)
Start importing Assets/Art/Fantasy Cataboms/RF_Catacombs_v1.0/Tiles/mainlevbuild_53.asset using Guid(e154172490e2a3645b9809cd63b42d00) Importer(815301076,1909f56bfc062723c751e8b465ee728b)  -> (artifact id: '3a170523ee943d705f934616e7dfac0e') in 0.016873 seconds 
========================================================================
Received Import Request.
  Time since last request: 0.000030 seconds.
  path: Assets/Art/Fantasy Cataboms/RF_Catacombs_v1.0/Tiles/mainlevbuild_21.asset
  artifactKey: Guid(588274f51b4937c4799ca34201ef01a6) Importer(815301076,1909f56bfc062723c751e8b465ee728b)
Start importing Assets/Art/Fantasy Cataboms/RF_Catacombs_v1.0/Tiles/mainlevbuild_21.asset using Guid(588274f51b4937c4799ca34201ef01a6) Importer(815301076,1909f56bfc062723c751e8b465ee728b)  -> (artifact id: '0c00a55df6fca587a68ac8ac6656c4af') in 0.024355 seconds 
========================================================================
Received Import Request.
  Time since last request: 0.000035 seconds.
  path: Assets/Art/Fantasy Cataboms/RF_Catacombs_v1.0/Tiles/mainlevbuild_20.asset
  artifactKey: Guid(2522009c6a1cda847829358b0f058924) Importer(815301076,1909f56bfc062723c751e8b465ee728b)
Start importing Assets/Art/Fantasy Cataboms/RF_Catacombs_v1.0/Tiles/mainlevbuild_20.asset using Guid(2522009c6a1cda847829358b0f058924) Importer(815301076,1909f56bfc062723c751e8b465ee728b)  -> (artifact id: 'f7356aec6e17d1bd4ff82e575537649a') in 0.022829 seconds 
========================================================================
Received Import Request.
  Time since last request: 0.060299 seconds.
  path: Assets/Art/Fantasy Cataboms/RF_Catacombs_v1.0/Tiles/mainlevbuild_15.asset
  artifactKey: Guid(7a642bad591ee5d498352a2c0e8bf642) Importer(815301076,1909f56bfc062723c751e8b465ee728b)
Start importing Assets/Art/Fantasy Cataboms/RF_Catacombs_v1.0/Tiles/mainlevbuild_15.asset using Guid(7a642bad591ee5d498352a2c0e8bf642) Importer(815301076,1909f56bfc062723c751e8b465ee728b)  -> (artifact id: '479967b438ed0099a380c34d76c4e43a') in 0.024234 seconds 
========================================================================
Received Import Request.
  Time since last request: 0.000019 seconds.
  path: Assets/Art/Fantasy Cataboms/RF_Catacombs_v1.0/Tiles/mainlevbuild_17.asset
  artifactKey: Guid(e11100897a04cd4479bde3d5884ce3da) Importer(815301076,1909f56bfc062723c751e8b465ee728b)
Start importing Assets/Art/Fantasy Cataboms/RF_Catacombs_v1.0/Tiles/mainlevbuild_17.asset using Guid(e11100897a04cd4479bde3d5884ce3da) Importer(815301076,1909f56bfc062723c751e8b465ee728b)  -> (artifact id: 'dad749b3e9ec62bdbb87e3c2967eebac') in 0.019862 seconds 
Editor requested this worker to shutdown with reason: Scaling down because of idle timeout
AssetImportWorker is now disconnected from the server
Process exiting
Exiting without the bug reporter. Application will terminate with return code 0