Using pre-set license
Built from '2021.3/staging' branch; Version is '2021.3.10f1 (1c7d0df0160b) revision 1867021'; Using compiler version '192829333'; Build Type 'Release'
OS: 'Windows 10  (10.0.19042) 64bit Enterprise' Language: 'en' Physical Memory: 16189 MB
BatchMode: 1, IsHumanControllingUs: 0, StartBugReporterOnCrash: 0, Is64bit: 1, IsPro: 1

COMMAND LINE ARGUMENTS:
C:\Program Files\Unity\Hub\Editor\2021.3.10f1\Editor\Unity.exe
-adb2
-batchMode
-noUpm
-name
AssetImportWorker1
-projectPath
C:/Users/20203641/GitHub/GameDesignProjectGroup13/Project Grid
-logFile
Logs/AssetImportWorker1.log
-srvPort
59523
Successfully changed project path to: C:/Users/20203641/GitHub/GameDesignProjectGroup13/Project Grid
C:/Users/20203641/GitHub/GameDesignProjectGroup13/Project Grid
[UnityMemory] Configuration Parameters - Can be set up in boot.config
    "memorysetup-bucket-allocator-granularity=16"
    "memorysetup-bucket-allocator-bucket-count=8"
    "memorysetup-bucket-allocator-block-size=33554432"
    "memorysetup-bucket-allocator-block-count=8"
    "memorysetup-main-allocator-block-size=16777216"
    "memorysetup-thread-allocator-block-size=16777216"
    "memorysetup-gfx-main-allocator-block-size=16777216"
    "memorysetup-gfx-thread-allocator-block-size=16777216"
    "memorysetup-cache-allocator-block-size=4194304"
    "memorysetup-typetree-allocator-block-size=2097152"
    "memorysetup-profiler-bucket-allocator-granularity=16"
    "memorysetup-profiler-bucket-allocator-bucket-count=8"
    "memorysetup-profiler-bucket-allocator-block-size=33554432"
    "memorysetup-profiler-bucket-allocator-block-count=8"
    "memorysetup-profiler-allocator-block-size=16777216"
    "memorysetup-profiler-editor-allocator-block-size=1048576"
    "memorysetup-temp-allocator-size-main=16777216"
    "memorysetup-job-temp-allocator-block-size=2097152"
    "memorysetup-job-temp-allocator-block-size-background=1048576"
    "memorysetup-job-temp-allocator-reduction-small-platforms=262144"
    "memorysetup-temp-allocator-size-background-worker=32768"
    "memorysetup-temp-allocator-size-job-worker=262144"
    "memorysetup-temp-allocator-size-preload-manager=33554432"
    "memorysetup-temp-allocator-size-nav-mesh-worker=65536"
    "memorysetup-temp-allocator-size-audio-worker=65536"
    "memorysetup-temp-allocator-size-cloud-worker=32768"
    "memorysetup-temp-allocator-size-gi-baking-worker=262144"
    "memorysetup-temp-allocator-size-gfx=262144"
Refreshing native plugins compatible for Editor in 145.76 ms, found 3 plugins.
Preloading 0 native plugins for Editor in 0.00 ms.
Initialize engine version: 2021.3.10f1 (1c7d0df0160b)
[Subsystems] Discovering subsystems at path C:/Program Files/Unity/Hub/Editor/2021.3.10f1/Editor/Data/Resources/UnitySubsystems
[Subsystems] Discovering subsystems at path C:/Users/20203641/GitHub/GameDesignProjectGroup13/Project Grid/Assets
GfxDevice: creating device client; threaded=0; jobified=0
Direct3D:
    Version:  Direct3D 11.0 [level 11.1]
    Renderer: NVIDIA Quadro P2000 (ID=0x1cba)
    Vendor:   NVIDIA
    VRAM:     4018 MB
    Driver:   30.0.14.7334
Shader 'MoreMountains/MMRipple': fallback shader 'Particle/AlphaBlended' not found
Initialize mono
Mono path[0] = 'C:/Program Files/Unity/Hub/Editor/2021.3.10f1/Editor/Data/Managed'
Mono path[1] = 'C:/Program Files/Unity/Hub/Editor/2021.3.10f1/Editor/Data/MonoBleedingEdge/lib/mono/unityjit-win32'
Mono config path = 'C:/Program Files/Unity/Hub/Editor/2021.3.10f1/Editor/Data/MonoBleedingEdge/etc'
Using monoOptions --debugger-agent=transport=dt_socket,embedding=1,server=y,suspend=n,address=127.0.0.1:56296
Begin MonoManager ReloadAssembly
Registering precompiled unity dll's ...
Register platform support module: C:/Program Files/Unity/Hub/Editor/2021.3.10f1/Editor/Data/PlaybackEngines/WindowsStandaloneSupport/UnityEditor.WindowsStandalone.Extensions.dll
Registered in 0.014454 seconds.
Native extension for WindowsStandalone target not found
Refreshing native plugins compatible for Editor in 124.68 ms, found 3 plugins.
Preloading 0 native plugins for Editor in 0.00 ms.
Mono: successfully reloaded assembly
- Completed reload, in  0.787 seconds
Domain Reload Profiling:
	ReloadAssembly (787ms)
		BeginReloadAssembly (103ms)
			ExecutionOrderSort (0ms)
			DisableScriptedObjects (0ms)
			BackupInstance (0ms)
			ReleaseScriptingObjects (0ms)
			CreateAndSetChildDomain (1ms)
		EndReloadAssembly (500ms)
			LoadAssemblies (100ms)
			RebuildTransferFunctionScriptingTraits (0ms)
			SetupTypeCache (106ms)
			ReleaseScriptCaches (0ms)
			RebuildScriptCaches (26ms)
			SetupLoadedEditorAssemblies (315ms)
				LogAssemblyErrors (0ms)
				InitializePlatformSupportModulesInManaged (7ms)
				SetLoadedEditorAssemblies (0ms)
				RefreshPlugins (125ms)
				BeforeProcessingInitializeOnLoad (1ms)
				ProcessInitializeOnLoadAttributes (139ms)
				ProcessInitializeOnLoadMethodAttributes (42ms)
				AfterProcessingInitializeOnLoad (0ms)
				EditorAssembliesLoaded (0ms)
			ExecutionOrderSort2 (0ms)
			AwakeInstancesAfterBackupRestoration (0ms)
Platform modules already initialized, skipping
Registering precompiled user dll's ...
Registered in 0.007015 seconds.
Begin MonoManager ReloadAssembly
Symbol file LoadedFromMemory doesn't match image C:\Users\20203641\GitHub\GameDesignProjectGroup13\Project Grid\Library\PackageCache\com.unity.visualscripting@1.7.8\Editor\VisualScripting.Core\Dependencies\YamlDotNet\Unity.VisualScripting.YamlDotNet.dll
Symbol file LoadedFromMemory doesn't match image C:\Users\20203641\GitHub\GameDesignProjectGroup13\Project Grid\Library\PackageCache\com.unity.visualscripting@1.7.8\Editor\VisualScripting.Core\Dependencies\DotNetZip\Unity.VisualScripting.IonicZip.dll
Native extension for WindowsStandalone target not found
Refreshing native plugins compatible for Editor in 1.40 ms, found 3 plugins.
Preloading 0 native plugins for Editor in 0.00 ms.
Mono: successfully reloaded assembly
- Completed reload, in  1.330 seconds
Domain Reload Profiling:
	ReloadAssembly (1331ms)
		BeginReloadAssembly (123ms)
			ExecutionOrderSort (0ms)
			DisableScriptedObjects (6ms)
			BackupInstance (0ms)
			ReleaseScriptingObjects (0ms)
			CreateAndSetChildDomain (21ms)
		EndReloadAssembly (1101ms)
			LoadAssemblies (157ms)
			RebuildTransferFunctionScriptingTraits (0ms)
			SetupTypeCache (312ms)
			ReleaseScriptCaches (1ms)
			RebuildScriptCaches (88ms)
			SetupLoadedEditorAssemblies (512ms)
				LogAssemblyErrors (0ms)
				InitializePlatformSupportModulesInManaged (13ms)
				SetLoadedEditorAssemblies (1ms)
				RefreshPlugins (1ms)
				BeforeProcessingInitializeOnLoad (119ms)
				ProcessInitializeOnLoadAttributes (325ms)
				ProcessInitializeOnLoadMethodAttributes (42ms)
				AfterProcessingInitializeOnLoad (10ms)
				EditorAssembliesLoaded (0ms)
			ExecutionOrderSort2 (0ms)
			AwakeInstancesAfterBackupRestoration (6ms)
Platform modules already initialized, skipping
========================================================================
Worker process is ready to serve import requests
Shader 'MoreMountains/MMRipple': fallback shader 'Particle/AlphaBlended' not found
Launched and connected shader compiler UnityShaderCompiler.exe after 0.07 seconds
Refreshing native plugins compatible for Editor in 1.30 ms, found 3 plugins.
Preloading 0 native plugins for Editor in 0.00 ms.
Unloading 4863 Unused Serialized files (Serialized files now loaded: 0)
Unloading 57 unused Assets / (1.4 MB). Loaded Objects now: 5313.
Memory consumption went from 260.7 MB to 259.3 MB.
Total: 4.648300 ms (FindLiveObjects: 0.449000 ms CreateObjectMapping: 0.320000 ms MarkObjects: 3.441700 ms  DeleteObjects: 0.436800 ms)

AssetImportParameters requested are different than current active one (requested -> active):
  custom:video-decoder-ogg-theora: a1e56fd34408186e4bbccfd4996cb3dc -> 
  custom:container-muxer-webm: aa71ff27fc2769a1b78a27578f13a17b -> 
  custom:container-demuxer-webm: 4f35f7cbe854078d1ac9338744f61a02 -> 
  custom:video-encoder-webm-vp8: eb34c28f22e8b96e1ab97ce403110664 -> 
  custom:video-codec-MediaFoundation-h265: 746d11721c4dcdbdad8f713fa42b33f4 -> 
  custom:audio-encoder-webm-vorbis: bf7c407c2cedff20999df2af8eb42d56 -> 
  custom:framework-win-MediaFoundation: 216162199b28c13a410421893ffa2e32 -> 
  custom:container-demuxer-ogg: 62fdf1f143b41e24485cea50d1cbac27 -> 
  custom:video-decoder-webm-vp8: 9c59270c3fd7afecdb556c50c9e8de78 -> 
  custom:audio-decoder-ogg-vorbis: bf7c407c2cedff20999df2af8eb42d56 -> 
========================================================================
Received Import Request.
  Time since last request: 607877.758336 seconds.
  path: Assets/TopDownEngine/ThirdParty/MoreMountains/MMInterface/Styles/Mini/Prefabs/Buttons/LightGrey/ButtonAlt.prefab
  artifactKey: Guid(dc9b130b304660a4a99e56949989a469) Importer(815301076,1909f56bfc062723c751e8b465ee728b)
Start importing Assets/TopDownEngine/ThirdParty/MoreMountains/MMInterface/Styles/Mini/Prefabs/Buttons/LightGrey/ButtonAlt.prefab using Guid(dc9b130b304660a4a99e56949989a469) Importer(815301076,1909f56bfc062723c751e8b465ee728b)  -> (artifact id: 'e473888f96df67af001cad33acb1c654') in 0.065482 seconds 
========================================================================
Received Import Request.
  Time since last request: 0.000022 seconds.
  path: Assets/TopDownEngine/ThirdParty/MoreMountains/MMInterface/Styles/Mini/Prefabs/Buttons/Yellow/ButtonCircleArrow.prefab
  artifactKey: Guid(b2deaea7f6bf172448acfced28ac56b5) Importer(815301076,1909f56bfc062723c751e8b465ee728b)
Start importing Assets/TopDownEngine/ThirdParty/MoreMountains/MMInterface/Styles/Mini/Prefabs/Buttons/Yellow/ButtonCircleArrow.prefab using Guid(b2deaea7f6bf172448acfced28ac56b5) Importer(815301076,1909f56bfc062723c751e8b465ee728b)  -> (artifact id: '65ef69d65bb25e9aacb0721ef5f6c4a6') in 0.021129 seconds 
========================================================================
Received Import Request.
  Time since last request: 0.000024 seconds.
  path: Assets/TopDownEngine/Demos/Loft3D/Models/LoftCar/LoftCar.fbx
  artifactKey: Guid(59e8d145c8d7596419c6fca106c04fa0) Importer(815301076,1909f56bfc062723c751e8b465ee728b)
Start importing Assets/TopDownEngine/Demos/Loft3D/Models/LoftCar/LoftCar.fbx using Guid(59e8d145c8d7596419c6fca106c04fa0) Importer(815301076,1909f56bfc062723c751e8b465ee728b)  -> (artifact id: 'a1171cb80e3a84c5cc1384e0aa35d34b') in 0.503062 seconds 
========================================================================
Received Import Request.
  Time since last request: 0.000091 seconds.
  path: Assets/TopDownEngine/ThirdParty/MoreMountains/MMInterface/Styles/Mini/Prefabs/Buttons/Blue/ButtonAlt.prefab
  artifactKey: Guid(b1245229341c634418562bc057c17cfc) Importer(815301076,1909f56bfc062723c751e8b465ee728b)
Start importing Assets/TopDownEngine/ThirdParty/MoreMountains/MMInterface/Styles/Mini/Prefabs/Buttons/Blue/ButtonAlt.prefab using Guid(b1245229341c634418562bc057c17cfc) Importer(815301076,1909f56bfc062723c751e8b465ee728b)  -> (artifact id: '2139743544f6cd960cbb9653356f2865') in 0.011574 seconds 
========================================================================
Received Import Request.
  Time since last request: 0.000031 seconds.
  path: Assets/TopDownEngine/ThirdParty/MoreMountains/MMInterface/Styles/Mini/Prefabs/Buttons/VerticalGradientBlueToPurple/ButtonAlt.prefab
  artifactKey: Guid(acdeb35f28e625b4eaff3dd9a9ada980) Importer(815301076,1909f56bfc062723c751e8b465ee728b)
Start importing Assets/TopDownEngine/ThirdParty/MoreMountains/MMInterface/Styles/Mini/Prefabs/Buttons/VerticalGradientBlueToPurple/ButtonAlt.prefab using Guid(acdeb35f28e625b4eaff3dd9a9ada980) Importer(815301076,1909f56bfc062723c751e8b465ee728b)  -> (artifact id: '1c41b156fab85e25f2f44a41c3dc1d49') in 0.014626 seconds 
========================================================================
Received Import Request.
  Time since last request: 0.000033 seconds.
  path: Assets/TopDownEngine/Demos/Colonel/Animations/Walk/FBI@WalkBackward.fbx
  artifactKey: Guid(ad34f1272b7300e409f8e4de0cffd039) Importer(815301076,1909f56bfc062723c751e8b465ee728b)
Start importing Assets/TopDownEngine/Demos/Colonel/Animations/Walk/FBI@WalkBackward.fbx using Guid(ad34f1272b7300e409f8e4de0cffd039) Importer(815301076,1909f56bfc062723c751e8b465ee728b)  -> (artifact id: '89a792c3b599bb2965e4aefb32168615') in 0.025897 seconds 
========================================================================
Received Import Request.
  Time since last request: 0.000043 seconds.
  path: Assets/TopDownEngine/ThirdParty/MoreMountains/MMInterface/Styles/Mini/Prefabs/Buttons/VerticalGradientGreenToCyan/ButtonAlt.prefab
  artifactKey: Guid(608f0d0c3e47a3746bc91232c7b44dc5) Importer(815301076,1909f56bfc062723c751e8b465ee728b)
Start importing Assets/TopDownEngine/ThirdParty/MoreMountains/MMInterface/Styles/Mini/Prefabs/Buttons/VerticalGradientGreenToCyan/ButtonAlt.prefab using Guid(608f0d0c3e47a3746bc91232c7b44dc5) Importer(815301076,1909f56bfc062723c751e8b465ee728b)  -> (artifact id: '881164bf1b05362ccd17377b2cdb6ad0') in 0.009675 seconds 
========================================================================
Received Import Request.
  Time since last request: 0.000025 seconds.
  path: Assets/TopDownEngine/ThirdParty/MoreMountains/InventoryEngine/Demos/PixelRogue/Prefabs/ItemsPickers/ArmorBlue.prefab
  artifactKey: Guid(0f6882b0de0be6743861da4384873383) Importer(815301076,1909f56bfc062723c751e8b465ee728b)
Start importing Assets/TopDownEngine/ThirdParty/MoreMountains/InventoryEngine/Demos/PixelRogue/Prefabs/ItemsPickers/ArmorBlue.prefab using Guid(0f6882b0de0be6743861da4384873383) Importer(815301076,1909f56bfc062723c751e8b465ee728b)  -> (artifact id: 'ae2bc8f031530d8003eef6da469e69b5') in 0.037659 seconds 
========================================================================
Received Import Request.
  Time since last request: 0.000039 seconds.
  path: Assets/TopDownEngine/ThirdParty/MoreMountains/MMInterface/Styles/Mini/Prefabs/Buttons/DarkerGrey/ButtonAlt.prefab
  artifactKey: Guid(fb812a2205d9b914eb071710eb0b5333) Importer(815301076,1909f56bfc062723c751e8b465ee728b)
Start importing Assets/TopDownEngine/ThirdParty/MoreMountains/MMInterface/Styles/Mini/Prefabs/Buttons/DarkerGrey/ButtonAlt.prefab using Guid(fb812a2205d9b914eb071710eb0b5333) Importer(815301076,1909f56bfc062723c751e8b465ee728b)  -> (artifact id: '90f485e17f8bea31d50bd02550076614') in 0.008247 seconds 
========================================================================
Received Import Request.
  Time since last request: 0.000033 seconds.
  path: Assets/TopDownEngine/Demos/Loft3D/Models/Furniture/Materials/carpet.mat
  artifactKey: Guid(f2dd8474c6d2c794bb34bbb7d45ed0d2) Importer(815301076,1909f56bfc062723c751e8b465ee728b)
Start importing Assets/TopDownEngine/Demos/Loft3D/Models/Furniture/Materials/carpet.mat using Guid(f2dd8474c6d2c794bb34bbb7d45ed0d2) Importer(815301076,1909f56bfc062723c751e8b465ee728b)  -> (artifact id: '57ad15d586482815cd4e85086df8626e') in 0.027555 seconds 
========================================================================
Received Import Request.
  Time since last request: 0.000051 seconds.
  path: Assets/TopDownEngine/Demos/Colonel/Animations/Various/FBI@Reloading.fbx
  artifactKey: Guid(3cc72561b9a8f1742888abad55b726e2) Importer(815301076,1909f56bfc062723c751e8b465ee728b)
Start importing Assets/TopDownEngine/Demos/Colonel/Animations/Various/FBI@Reloading.fbx using Guid(3cc72561b9a8f1742888abad55b726e2) Importer(815301076,1909f56bfc062723c751e8b465ee728b)  -> (artifact id: '4a8ee3b1f4ec88e977987357e67465e0') in 0.025427 seconds 
========================================================================
Received Import Request.
  Time since last request: 0.000049 seconds.
  path: Assets/TopDownEngine/ThirdParty/MoreMountains/MMTools/Demos/MMGhostCamera/Models/MMGhostCameraCity.fbx
  artifactKey: Guid(00cafe0a18485bf4986d87092f3b2c63) Importer(815301076,1909f56bfc062723c751e8b465ee728b)
Start importing Assets/TopDownEngine/ThirdParty/MoreMountains/MMTools/Demos/MMGhostCamera/Models/MMGhostCameraCity.fbx using Guid(00cafe0a18485bf4986d87092f3b2c63) Importer(815301076,1909f56bfc062723c751e8b465ee728b)  -> (artifact id: '579e369a5a72a9a8f198f92c2bc68f68') in 0.152980 seconds 
========================================================================
Received Import Request.
  Time since last request: 0.000040 seconds.
  path: Assets/TopDownEngine/Demos/Colonel/Animations/Unarmed/FBI@RunLeftUnarmed.fbx
  artifactKey: Guid(f75a2823f16aa99469ef9e3f9ea5947b) Importer(815301076,1909f56bfc062723c751e8b465ee728b)
Start importing Assets/TopDownEngine/Demos/Colonel/Animations/Unarmed/FBI@RunLeftUnarmed.fbx using Guid(f75a2823f16aa99469ef9e3f9ea5947b) Importer(815301076,1909f56bfc062723c751e8b465ee728b)  -> (artifact id: '94a34fd6442a54cd2302f34c7bc1e539') in 0.022148 seconds 
========================================================================
Received Import Request.
  Time since last request: 0.000028 seconds.
  path: Assets/TopDownEngine/Demos/Colonel/Animations/Run/FBI@RunBackwardRight.fbx
  artifactKey: Guid(4d8c2a981ecf7ce4aa85cd739960bd38) Importer(815301076,1909f56bfc062723c751e8b465ee728b)
Start importing Assets/TopDownEngine/Demos/Colonel/Animations/Run/FBI@RunBackwardRight.fbx using Guid(4d8c2a981ecf7ce4aa85cd739960bd38) Importer(815301076,1909f56bfc062723c751e8b465ee728b)  -> (artifact id: '356800ffdba9c4b4d319340e19a14a1d') in 0.016291 seconds 
========================================================================
Received Import Request.
  Time since last request: 0.000022 seconds.
  path: Assets/TopDownEngine/ThirdParty/MoreMountains/InventoryEngine/Demos/PixelRogue/Prefabs/Adventurer.prefab
  artifactKey: Guid(0ca555e6f01353f409523346d86ea89f) Importer(815301076,1909f56bfc062723c751e8b465ee728b)
Start importing Assets/TopDownEngine/ThirdParty/MoreMountains/InventoryEngine/Demos/PixelRogue/Prefabs/Adventurer.prefab using Guid(0ca555e6f01353f409523346d86ea89f) Importer(815301076,1909f56bfc062723c751e8b465ee728b)  -> (artifact id: '0fcc833cb71b1df52cff893a66b59857') in 0.057874 seconds 
========================================================================
Received Import Request.
  Time since last request: 0.000022 seconds.
  path: Assets/TopDownEngine/ThirdParty/MoreMountains/MMFeedbacks/Demos/MMFeedbacksDemo/Models/Cube.fbx
  artifactKey: Guid(71c1a7d31ae1f5148bd68555e9baee05) Importer(815301076,1909f56bfc062723c751e8b465ee728b)
Start importing Assets/TopDownEngine/ThirdParty/MoreMountains/MMFeedbacks/Demos/MMFeedbacksDemo/Models/Cube.fbx using Guid(71c1a7d31ae1f5148bd68555e9baee05) Importer(815301076,1909f56bfc062723c751e8b465ee728b)  -> (artifact id: 'fd85cf3b73ed6dc111ef9ef7640d6546') in 0.030254 seconds 
========================================================================
Received Import Request.
  Time since last request: 0.000126 seconds.
  path: Assets/TopDownEngine/ThirdParty/MoreMountains/InventoryEngine/Demos/PixelRogue/Prefabs/ItemsPickers/ArmorGreen.prefab
  artifactKey: Guid(75ead9d9c4f35e348b491055d205f968) Importer(815301076,1909f56bfc062723c751e8b465ee728b)
Start importing Assets/TopDownEngine/ThirdParty/MoreMountains/InventoryEngine/Demos/PixelRogue/Prefabs/ItemsPickers/ArmorGreen.prefab using Guid(75ead9d9c4f35e348b491055d205f968) Importer(815301076,1909f56bfc062723c751e8b465ee728b)  -> (artifact id: 'dc234ad44f271807b7bd73d04b140771') in 0.023127 seconds 
========================================================================
Received Import Request.
  Time since last request: 0.000029 seconds.
  path: Assets/TopDownEngine/Demos/Colonel/Animations/WalkCrouching/FBI@WalkCrouchingBackwardRight.fbx
  artifactKey: Guid(55dc443b4d717ca4694e8d61054e14e1) Importer(815301076,1909f56bfc062723c751e8b465ee728b)
Start importing Assets/TopDownEngine/Demos/Colonel/Animations/WalkCrouching/FBI@WalkCrouchingBackwardRight.fbx using Guid(55dc443b4d717ca4694e8d61054e14e1) Importer(815301076,1909f56bfc062723c751e8b465ee728b)  -> (artifact id: 'ef79fd20e464faebc4415de455d357ab') in 0.017852 seconds 
========================================================================
Received Import Request.
  Time since last request: 0.000056 seconds.
  path: Assets/TopDownEngine/Demos/Colonel/Animations/Run/FBI@RunForwardLeft.fbx
  artifactKey: Guid(36b84d6f331bbae4095a5e37453bf57b) Importer(815301076,1909f56bfc062723c751e8b465ee728b)
Start importing Assets/TopDownEngine/Demos/Colonel/Animations/Run/FBI@RunForwardLeft.fbx using Guid(36b84d6f331bbae4095a5e37453bf57b) Importer(815301076,1909f56bfc062723c751e8b465ee728b)  -> (artifact id: '2c56d69fb26079fd61e1c62feadc28a8') in 0.017893 seconds 
========================================================================
Received Import Request.
  Time since last request: 0.000029 seconds.
  path: Assets/TopDownEngine/ThirdParty/MoreMountains/MMFeedbacks/Demos/MMFeedbacksDemo/UI/Button.prefab
  artifactKey: Guid(a16c33a1240b8ce4f930161a7c85fae6) Importer(815301076,1909f56bfc062723c751e8b465ee728b)
Start importing Assets/TopDownEngine/ThirdParty/MoreMountains/MMFeedbacks/Demos/MMFeedbacksDemo/UI/Button.prefab using Guid(a16c33a1240b8ce4f930161a7c85fae6) Importer(815301076,1909f56bfc062723c751e8b465ee728b)  -> (artifact id: '6c0790e5a91cc879db010c5adcfe1670') in 0.031359 seconds 
========================================================================
Received Import Request.
  Time since last request: 0.000038 seconds.
  path: Assets/TopDownEngine/Demos/Colonel/Animations/WalkCrouching/FBI@WalkCrouchingBackwardLeft.fbx
  artifactKey: Guid(cf2081f29f246a54792378f56a428241) Importer(815301076,1909f56bfc062723c751e8b465ee728b)
Start importing Assets/TopDownEngine/Demos/Colonel/Animations/WalkCrouching/FBI@WalkCrouchingBackwardLeft.fbx using Guid(cf2081f29f246a54792378f56a428241) Importer(815301076,1909f56bfc062723c751e8b465ee728b)  -> (artifact id: '21a1f6c412481b07730a65d521147d65') in 0.021480 seconds 
========================================================================
Received Import Request.
  Time since last request: 0.000043 seconds.
  path: Assets/TopDownEngine/ThirdParty/MoreMountains/InventoryEngine/Demos/PixelRogue/Prefabs/ItemsPickers/Axe.prefab
  artifactKey: Guid(91029e093b01d0246b933ad8e3fe3ce1) Importer(815301076,1909f56bfc062723c751e8b465ee728b)
Start importing Assets/TopDownEngine/ThirdParty/MoreMountains/InventoryEngine/Demos/PixelRogue/Prefabs/ItemsPickers/Axe.prefab using Guid(91029e093b01d0246b933ad8e3fe3ce1) Importer(815301076,1909f56bfc062723c751e8b465ee728b)  -> (artifact id: '596411ea4f0fb92bec52355c4156c5b6') in 0.020276 seconds 
========================================================================
Received Import Request.
  Time since last request: 0.000025 seconds.
  path: Assets/TopDownEngine/Demos/Colonel/Animations/Run/FBI@RunLeft.fbx
  artifactKey: Guid(fd7028aeeb58c224da0ad6ec72697de7) Importer(815301076,1909f56bfc062723c751e8b465ee728b)
Start importing Assets/TopDownEngine/Demos/Colonel/Animations/Run/FBI@RunLeft.fbx using Guid(fd7028aeeb58c224da0ad6ec72697de7) Importer(815301076,1909f56bfc062723c751e8b465ee728b)  -> (artifact id: '2f6d41aba0b33808f0bedd2a904c929a') in 0.020090 seconds 
========================================================================
Received Import Request.
  Time since last request: 0.000034 seconds.
  path: Assets/TopDownEngine/ThirdParty/MoreMountains/MMInterface/Styles/Mini/Prefabs/Buttons/Green/ButtonAlt.prefab
  artifactKey: Guid(48337c20d0ff5e240b3c160290c17080) Importer(815301076,1909f56bfc062723c751e8b465ee728b)
Start importing Assets/TopDownEngine/ThirdParty/MoreMountains/MMInterface/Styles/Mini/Prefabs/Buttons/Green/ButtonAlt.prefab using Guid(48337c20d0ff5e240b3c160290c17080) Importer(815301076,1909f56bfc062723c751e8b465ee728b)  -> (artifact id: '6970f984f7db32a4a34220acc0873529') in 0.007975 seconds 
========================================================================
Received Import Request.
  Time since last request: 0.000022 seconds.
  path: Assets/TopDownEngine/ThirdParty/MoreMountains/MMInterface/Styles/Mini/Prefabs/Buttons/Purple/ButtonAlt.prefab
  artifactKey: Guid(ac9d909e93b75ec408cc8911ad1af9ba) Importer(815301076,1909f56bfc062723c751e8b465ee728b)
Start importing Assets/TopDownEngine/ThirdParty/MoreMountains/MMInterface/Styles/Mini/Prefabs/Buttons/Purple/ButtonAlt.prefab using Guid(ac9d909e93b75ec408cc8911ad1af9ba) Importer(815301076,1909f56bfc062723c751e8b465ee728b)  -> (artifact id: 'd189d08e847b342a8bf7baaa69419fbd') in 0.008025 seconds 
========================================================================
Received Import Request.
  Time since last request: 0.000022 seconds.
  path: Assets/TopDownEngine/Demos/Colonel/Animations/Run/FBI@RunBackwardLeft.fbx
  artifactKey: Guid(10fd4749bd313af4da73f8a491e76a98) Importer(815301076,1909f56bfc062723c751e8b465ee728b)
Start importing Assets/TopDownEngine/Demos/Colonel/Animations/Run/FBI@RunBackwardLeft.fbx using Guid(10fd4749bd313af4da73f8a491e76a98) Importer(815301076,1909f56bfc062723c751e8b465ee728b)  -> (artifact id: '68c4936abdad896dc3c6bee423204f85') in 0.020245 seconds 
========================================================================
Received Import Request.
  Time since last request: 0.000045 seconds.
  path: Assets/TopDownEngine/Demos/Explodudes/Models/ExplodudeCratePiece.fbx
  artifactKey: Guid(f168c76b98855a34688ff5996dc96811) Importer(815301076,1909f56bfc062723c751e8b465ee728b)
Start importing Assets/TopDownEngine/Demos/Explodudes/Models/ExplodudeCratePiece.fbx using Guid(f168c76b98855a34688ff5996dc96811) Importer(815301076,1909f56bfc062723c751e8b465ee728b)  -> (artifact id: '36583fe9eac8e4bc91a22dda195fdab9') in 0.261394 seconds 
========================================================================
Received Import Request.
  Time since last request: 0.000068 seconds.
  path: Assets/TopDownEngine/ThirdParty/MoreMountains/MMInterface/Styles/Mini/Prefabs/Buttons/Cyan/ButtonAlt.prefab
  artifactKey: Guid(64afc6208cbca604eb42b3719cc27642) Importer(815301076,1909f56bfc062723c751e8b465ee728b)
Start importing Assets/TopDownEngine/ThirdParty/MoreMountains/MMInterface/Styles/Mini/Prefabs/Buttons/Cyan/ButtonAlt.prefab using Guid(64afc6208cbca604eb42b3719cc27642) Importer(815301076,1909f56bfc062723c751e8b465ee728b)  -> (artifact id: '24e80a5bf4f5ddb36563f0c0eb952a74') in 0.006560 seconds 
========================================================================
Received Import Request.
  Time since last request: 0.000057 seconds.
  path: Assets/TopDownEngine/ThirdParty/MoreMountains/InventoryEngine/Demos/PixelRogue/Prefabs/ItemsPickers/Bomb.prefab
  artifactKey: Guid(08c4c98e1efab2c469628f8660223920) Importer(815301076,1909f56bfc062723c751e8b465ee728b)
Start importing Assets/TopDownEngine/ThirdParty/MoreMountains/InventoryEngine/Demos/PixelRogue/Prefabs/ItemsPickers/Bomb.prefab using Guid(08c4c98e1efab2c469628f8660223920) Importer(815301076,1909f56bfc062723c751e8b465ee728b)  -> (artifact id: '0aec1ea39c4aead74d62fd128c8819ef') in 0.022579 seconds 
========================================================================
Received Import Request.
  Time since last request: 0.000050 seconds.
  path: Assets/TopDownEngine/Demos/Colonel/Animations/Run/FBI@RunRight.fbx
  artifactKey: Guid(16635f2efef7a774686586be68c0339f) Importer(815301076,1909f56bfc062723c751e8b465ee728b)
Start importing Assets/TopDownEngine/Demos/Colonel/Animations/Run/FBI@RunRight.fbx using Guid(16635f2efef7a774686586be68c0339f) Importer(815301076,1909f56bfc062723c751e8b465ee728b)  -> (artifact id: '3a165e56831a50cad17a546fbd64c611') in 0.018743 seconds 
========================================================================
Received Import Request.
  Time since last request: 0.000023 seconds.
  path: Assets/TopDownEngine/ThirdParty/MoreMountains/MMInterface/Styles/Mini/Prefabs/Buttons/Pink/ButtonCircleArrow.prefab
  artifactKey: Guid(9ce58f39cfc5e6142953e0147db9bc5a) Importer(815301076,1909f56bfc062723c751e8b465ee728b)
Start importing Assets/TopDownEngine/ThirdParty/MoreMountains/MMInterface/Styles/Mini/Prefabs/Buttons/Pink/ButtonCircleArrow.prefab using Guid(9ce58f39cfc5e6142953e0147db9bc5a) Importer(815301076,1909f56bfc062723c751e8b465ee728b)  -> (artifact id: 'e0d86a0b10af27ee87b46254b94c4f12') in 0.008343 seconds 
========================================================================
Received Import Request.
  Time since last request: 0.000025 seconds.
  path: Assets/TopDownEngine/Demos/Colonel/Animations/Unarmed/FBI@RunRightUnarmed.fbx
  artifactKey: Guid(a1503240eb1fa3746b065176391476a7) Importer(815301076,1909f56bfc062723c751e8b465ee728b)
Start importing Assets/TopDownEngine/Demos/Colonel/Animations/Unarmed/FBI@RunRightUnarmed.fbx using Guid(a1503240eb1fa3746b065176391476a7) Importer(815301076,1909f56bfc062723c751e8b465ee728b)  -> (artifact id: 'd856ffaf4a3d0d99878b70482e179a4e') in 0.024355 seconds 
========================================================================
Received Import Request.
  Time since last request: 0.000028 seconds.
  path: Assets/TopDownEngine/ThirdParty/MoreMountains/MMTools/Tools/MMAchievements/Resources/AchievementDisplay.prefab
  artifactKey: Guid(445360f52aabb4446be71f24e6576a72) Importer(815301076,1909f56bfc062723c751e8b465ee728b)
Start importing Assets/TopDownEngine/ThirdParty/MoreMountains/MMTools/Tools/MMAchievements/Resources/AchievementDisplay.prefab using Guid(445360f52aabb4446be71f24e6576a72) Importer(815301076,1909f56bfc062723c751e8b465ee728b)  -> (artifact id: 'c041aeb64ae2ce5decb2c727bcde716b') in 0.015757 seconds 
========================================================================
Received Import Request.
  Time since last request: 0.000023 seconds.
  path: Assets/TopDownEngine/Demos/Colonel/Animations/Run/FBI@RunForward.fbx
  artifactKey: Guid(77573758953579f41814389478000149) Importer(815301076,1909f56bfc062723c751e8b465ee728b)
Start importing Assets/TopDownEngine/Demos/Colonel/Animations/Run/FBI@RunForward.fbx using Guid(77573758953579f41814389478000149) Importer(815301076,1909f56bfc062723c751e8b465ee728b)  -> (artifact id: '16abbffc4e0783b049142921167ebf18') in 0.023461 seconds 
========================================================================
Received Import Request.
  Time since last request: 0.000043 seconds.
  path: Assets/TopDownEngine/ThirdParty/MoreMountains/MMInterface/Styles/Mini/Prefabs/Buttons/VerticalGradientBlueToCyan/ButtonCircleArrow.prefab
  artifactKey: Guid(8f7390ec353d5dd448c87d0b1ccac529) Importer(815301076,1909f56bfc062723c751e8b465ee728b)
Start importing Assets/TopDownEngine/ThirdParty/MoreMountains/MMInterface/Styles/Mini/Prefabs/Buttons/VerticalGradientBlueToCyan/ButtonCircleArrow.prefab using Guid(8f7390ec353d5dd448c87d0b1ccac529) Importer(815301076,1909f56bfc062723c751e8b465ee728b)  -> (artifact id: 'ccc868cec4fe8da3851786db4a91434c') in 0.014383 seconds 
========================================================================
Received Import Request.
  Time since last request: 0.000024 seconds.
  path: Assets/TopDownEngine/Demos/Colonel/Materials/ColonelMineLightMaterial.mat
  artifactKey: Guid(517d2c8e789e5b64a8e2740ecd4aab42) Importer(815301076,1909f56bfc062723c751e8b465ee728b)
Start importing Assets/TopDownEngine/Demos/Colonel/Materials/ColonelMineLightMaterial.mat using Guid(517d2c8e789e5b64a8e2740ecd4aab42) Importer(815301076,1909f56bfc062723c751e8b465ee728b)  -> (artifact id: '1df652a393015f418b35c4808a38c541') in 0.202767 seconds 
========================================================================
Received Import Request.
  Time since last request: 0.000034 seconds.
  path: Assets/TopDownEngine/ThirdParty/MoreMountains/MMInterface/Styles/Mini/Prefabs/Buttons/VerticalGradientBlueToCyan/ButtonAlt.prefab
  artifactKey: Guid(528ed88bbaf050043865bccd39739492) Importer(815301076,1909f56bfc062723c751e8b465ee728b)
Start importing Assets/TopDownEngine/ThirdParty/MoreMountains/MMInterface/Styles/Mini/Prefabs/Buttons/VerticalGradientBlueToCyan/ButtonAlt.prefab using Guid(528ed88bbaf050043865bccd39739492) Importer(815301076,1909f56bfc062723c751e8b465ee728b)  -> (artifact id: '2a63397c9427b5e8b955f6b002a6414d') in 0.011405 seconds 
========================================================================
Received Import Request.
  Time since last request: 0.000047 seconds.
  path: Assets/TopDownEngine/Demos/Colonel/Sprites/ColonelAimMarker.mat
  artifactKey: Guid(72d0560434b25bc48bbeaea5ce8cf568) Importer(815301076,1909f56bfc062723c751e8b465ee728b)
Start importing Assets/TopDownEngine/Demos/Colonel/Sprites/ColonelAimMarker.mat using Guid(72d0560434b25bc48bbeaea5ce8cf568) Importer(815301076,1909f56bfc062723c751e8b465ee728b)  -> (artifact id: '3dfd944d27ed824a5076341b2281bb98') in 0.077139 seconds 
Editor requested this worker to shutdown with reason: Scaling down because of idle timeout
AssetImportWorker is now disconnected from the server
Process exiting
Exiting without the bug reporter. Application will terminate with return code 0