Using pre-set license
Built from '2021.3/staging' branch; Version is '2021.3.10f1 (1c7d0df0160b) revision 1867021'; Using compiler version '192829333'; Build Type 'Release'
OS: 'Windows 10  (10.0.19042) 64bit Enterprise' Language: 'en' Physical Memory: 16189 MB
BatchMode: 1, IsHumanControllingUs: 0, StartBugReporterOnCrash: 0, Is64bit: 1, IsPro: 1

COMMAND LINE ARGUMENTS:
C:\Program Files\Unity\Hub\Editor\2021.3.10f1\Editor\Unity.exe
-adb2
-batchMode
-noUpm
-name
AssetImportWorker0
-projectPath
C:/Users/20203641/GitHub/GameDesignProjectGroup13/Project Grid
-logFile
Logs/AssetImportWorker0.log
-srvPort
61383
Successfully changed project path to: C:/Users/20203641/GitHub/GameDesignProjectGroup13/Project Grid
C:/Users/20203641/GitHub/GameDesignProjectGroup13/Project Grid
[UnityMemory] Configuration Parameters - Can be set up in boot.config
    "memorysetup-bucket-allocator-granularity=16"
    "memorysetup-bucket-allocator-bucket-count=8"
    "memorysetup-bucket-allocator-block-size=33554432"
    "memorysetup-bucket-allocator-block-count=8"
    "memorysetup-main-allocator-block-size=16777216"
    "memorysetup-thread-allocator-block-size=16777216"
    "memorysetup-gfx-main-allocator-block-size=16777216"
    "memorysetup-gfx-thread-allocator-block-size=16777216"
    "memorysetup-cache-allocator-block-size=4194304"
    "memorysetup-typetree-allocator-block-size=2097152"
    "memorysetup-profiler-bucket-allocator-granularity=16"
    "memorysetup-profiler-bucket-allocator-bucket-count=8"
    "memorysetup-profiler-bucket-allocator-block-size=33554432"
    "memorysetup-profiler-bucket-allocator-block-count=8"
    "memorysetup-profiler-allocator-block-size=16777216"
    "memorysetup-profiler-editor-allocator-block-size=1048576"
    "memorysetup-temp-allocator-size-main=16777216"
    "memorysetup-job-temp-allocator-block-size=2097152"
    "memorysetup-job-temp-allocator-block-size-background=1048576"
    "memorysetup-job-temp-allocator-reduction-small-platforms=262144"
    "memorysetup-temp-allocator-size-background-worker=32768"
    "memorysetup-temp-allocator-size-job-worker=262144"
    "memorysetup-temp-allocator-size-preload-manager=33554432"
    "memorysetup-temp-allocator-size-nav-mesh-worker=65536"
    "memorysetup-temp-allocator-size-audio-worker=65536"
    "memorysetup-temp-allocator-size-cloud-worker=32768"
    "memorysetup-temp-allocator-size-gi-baking-worker=262144"
    "memorysetup-temp-allocator-size-gfx=262144"
Refreshing native plugins compatible for Editor in 122.19 ms, found 3 plugins.
Preloading 0 native plugins for Editor in 0.00 ms.
Initialize engine version: 2021.3.10f1 (1c7d0df0160b)
[Subsystems] Discovering subsystems at path C:/Program Files/Unity/Hub/Editor/2021.3.10f1/Editor/Data/Resources/UnitySubsystems
[Subsystems] Discovering subsystems at path C:/Users/20203641/GitHub/GameDesignProjectGroup13/Project Grid/Assets
GfxDevice: creating device client; threaded=0; jobified=0
Direct3D:
    Version:  Direct3D 11.0 [level 11.1]
    Renderer: NVIDIA Quadro P2000 (ID=0x1cba)
    Vendor:   NVIDIA
    VRAM:     4018 MB
    Driver:   30.0.14.7334
Shader 'MoreMountains/MMRipple': fallback shader 'Particle/AlphaBlended' not found
Initialize mono
Mono path[0] = 'C:/Program Files/Unity/Hub/Editor/2021.3.10f1/Editor/Data/Managed'
Mono path[1] = 'C:/Program Files/Unity/Hub/Editor/2021.3.10f1/Editor/Data/MonoBleedingEdge/lib/mono/unityjit-win32'
Mono config path = 'C:/Program Files/Unity/Hub/Editor/2021.3.10f1/Editor/Data/MonoBleedingEdge/etc'
Using monoOptions --debugger-agent=transport=dt_socket,embedding=1,server=y,suspend=n,address=127.0.0.1:56108
Begin MonoManager ReloadAssembly
Registering precompiled unity dll's ...
Register platform support module: C:/Program Files/Unity/Hub/Editor/2021.3.10f1/Editor/Data/PlaybackEngines/WindowsStandaloneSupport/UnityEditor.WindowsStandalone.Extensions.dll
Registered in 0.008360 seconds.
Native extension for WindowsStandalone target not found
Refreshing native plugins compatible for Editor in 113.94 ms, found 3 plugins.
Preloading 0 native plugins for Editor in 0.00 ms.
Mono: successfully reloaded assembly
- Completed reload, in  0.687 seconds
Domain Reload Profiling:
	ReloadAssembly (688ms)
		BeginReloadAssembly (74ms)
			ExecutionOrderSort (0ms)
			DisableScriptedObjects (0ms)
			BackupInstance (0ms)
			ReleaseScriptingObjects (0ms)
			CreateAndSetChildDomain (1ms)
		EndReloadAssembly (498ms)
			LoadAssemblies (72ms)
			RebuildTransferFunctionScriptingTraits (0ms)
			SetupTypeCache (117ms)
			ReleaseScriptCaches (0ms)
			RebuildScriptCaches (26ms)
			SetupLoadedEditorAssemblies (304ms)
				LogAssemblyErrors (0ms)
				InitializePlatformSupportModulesInManaged (8ms)
				SetLoadedEditorAssemblies (0ms)
				RefreshPlugins (114ms)
				BeforeProcessingInitializeOnLoad (1ms)
				ProcessInitializeOnLoadAttributes (137ms)
				ProcessInitializeOnLoadMethodAttributes (43ms)
				AfterProcessingInitializeOnLoad (0ms)
				EditorAssembliesLoaded (0ms)
			ExecutionOrderSort2 (0ms)
			AwakeInstancesAfterBackupRestoration (0ms)
Platform modules already initialized, skipping
Registering precompiled user dll's ...
Registered in 0.006865 seconds.
Begin MonoManager ReloadAssembly
Symbol file LoadedFromMemory doesn't match image C:\Users\20203641\GitHub\GameDesignProjectGroup13\Project Grid\Library\PackageCache\com.unity.visualscripting@1.7.8\Editor\VisualScripting.Core\Dependencies\YamlDotNet\Unity.VisualScripting.YamlDotNet.dll
Symbol file LoadedFromMemory doesn't match image C:\Users\20203641\GitHub\GameDesignProjectGroup13\Project Grid\Library\PackageCache\com.unity.visualscripting@1.7.8\Editor\VisualScripting.Core\Dependencies\DotNetZip\Unity.VisualScripting.IonicZip.dll
Native extension for WindowsStandalone target not found
Refreshing native plugins compatible for Editor in 1.00 ms, found 3 plugins.
Preloading 0 native plugins for Editor in 0.00 ms.
Mono: successfully reloaded assembly
- Completed reload, in  1.245 seconds
Domain Reload Profiling:
	ReloadAssembly (1246ms)
		BeginReloadAssembly (115ms)
			ExecutionOrderSort (0ms)
			DisableScriptedObjects (6ms)
			BackupInstance (0ms)
			ReleaseScriptingObjects (0ms)
			CreateAndSetChildDomain (21ms)
		EndReloadAssembly (1028ms)
			LoadAssemblies (92ms)
			RebuildTransferFunctionScriptingTraits (0ms)
			SetupTypeCache (309ms)
			ReleaseScriptCaches (1ms)
			RebuildScriptCaches (82ms)
			SetupLoadedEditorAssemblies (508ms)
				LogAssemblyErrors (0ms)
				InitializePlatformSupportModulesInManaged (12ms)
				SetLoadedEditorAssemblies (0ms)
				RefreshPlugins (1ms)
				BeforeProcessingInitializeOnLoad (146ms)
				ProcessInitializeOnLoadAttributes (298ms)
				ProcessInitializeOnLoadMethodAttributes (41ms)
				AfterProcessingInitializeOnLoad (8ms)
				EditorAssembliesLoaded (0ms)
			ExecutionOrderSort2 (0ms)
			AwakeInstancesAfterBackupRestoration (7ms)
Platform modules already initialized, skipping
========================================================================
Worker process is ready to serve import requests
Shader 'MoreMountains/MMRipple': fallback shader 'Particle/AlphaBlended' not found
Launched and connected shader compiler UnityShaderCompiler.exe after 0.05 seconds
Refreshing native plugins compatible for Editor in 1.68 ms, found 3 plugins.
Preloading 0 native plugins for Editor in 0.00 ms.
Unloading 4863 Unused Serialized files (Serialized files now loaded: 0)
Unloading 57 unused Assets / (1.4 MB). Loaded Objects now: 5313.
Memory consumption went from 256.0 MB to 254.6 MB.
Total: 3.966700 ms (FindLiveObjects: 0.360700 ms CreateObjectMapping: 0.287200 ms MarkObjects: 3.043000 ms  DeleteObjects: 0.274900 ms)

AssetImportParameters requested are different than current active one (requested -> active):
  custom:video-decoder-ogg-theora: a1e56fd34408186e4bbccfd4996cb3dc -> 
  custom:container-muxer-webm: aa71ff27fc2769a1b78a27578f13a17b -> 
  custom:container-demuxer-webm: 4f35f7cbe854078d1ac9338744f61a02 -> 
  custom:video-encoder-webm-vp8: eb34c28f22e8b96e1ab97ce403110664 -> 
  custom:video-codec-MediaFoundation-h265: 746d11721c4dcdbdad8f713fa42b33f4 -> 
  custom:audio-encoder-webm-vorbis: bf7c407c2cedff20999df2af8eb42d56 -> 
  custom:framework-win-MediaFoundation: 216162199b28c13a410421893ffa2e32 -> 
  custom:container-demuxer-ogg: 62fdf1f143b41e24485cea50d1cbac27 -> 
  custom:video-decoder-webm-vp8: 9c59270c3fd7afecdb556c50c9e8de78 -> 
  custom:audio-decoder-ogg-vorbis: bf7c407c2cedff20999df2af8eb42d56 -> 
========================================================================
Received Import Request.
  Time since last request: 594147.962517 seconds.
  path: Assets/Art
  artifactKey: Guid(1cdd5d5ebcfb4d340b15abd4d2bb4fb1) Importer(815301076,1909f56bfc062723c751e8b465ee728b)
Start importing Assets/Art using Guid(1cdd5d5ebcfb4d340b15abd4d2bb4fb1) Importer(815301076,1909f56bfc062723c751e8b465ee728b)  -> (artifact id: 'b83671df10eca424a5ac0d7b739584b7') in 0.016698 seconds 
========================================================================
Received Import Request.
  Time since last request: 21.732842 seconds.
  path: Assets/Art/Fanatsy Cataboms
  artifactKey: Guid(f0700328bd2a8c645a437a15d429cfd8) Importer(815301076,1909f56bfc062723c751e8b465ee728b)
Start importing Assets/Art/Fanatsy Cataboms using Guid(f0700328bd2a8c645a437a15d429cfd8) Importer(815301076,1909f56bfc062723c751e8b465ee728b)  -> (artifact id: '853c6e0a84abca016746c26085a3ddd3') in 0.008536 seconds 
========================================================================
Received Import Request.
  Time since last request: 9.962219 seconds.
  path: Assets/Art/Fantasy Cataboms
  artifactKey: Guid(f0700328bd2a8c645a437a15d429cfd8) Importer(815301076,1909f56bfc062723c751e8b465ee728b)
Start importing Assets/Art/Fantasy Cataboms using Guid(f0700328bd2a8c645a437a15d429cfd8) Importer(815301076,1909f56bfc062723c751e8b465ee728b)  -> (artifact id: '308d30d0255eccebfe8ffdf846694ce1') in 0.006870 seconds 
========================================================================
Received Import Request.
  Time since last request: 3.749929 seconds.
  path: Assets
  artifactKey: Guid(00000000000000001000000000000000) Importer(815301076,1909f56bfc062723c751e8b465ee728b)
Start importing Assets using Guid(00000000000000001000000000000000) Importer(815301076,1909f56bfc062723c751e8b465ee728b)  -> (artifact id: '79842766b460edbeab6a34051e857a80') in 0.003289 seconds 
========================================================================
Received Import Request.
  Time since last request: 14.700150 seconds.
  path: Assets/Characters
  artifactKey: Guid(5d22f8742992cec43bb6dcec5f75df6b) Importer(815301076,1909f56bfc062723c751e8b465ee728b)
Start importing Assets/Characters using Guid(5d22f8742992cec43bb6dcec5f75df6b) Importer(815301076,1909f56bfc062723c751e8b465ee728b)  -> (artifact id: '9aded6d586607a9cef4d52542105f964') in 0.007430 seconds 
========================================================================
Received Import Request.
  Time since last request: 250.845628 seconds.
  path: Assets/Art/Fantasy Cataboms/decorative.png
  artifactKey: Guid(b06f883828c7ade4b962c4ac5a13fbe8) Importer(815301076,1909f56bfc062723c751e8b465ee728b)
Start importing Assets/Art/Fantasy Cataboms/decorative.png using Guid(b06f883828c7ade4b962c4ac5a13fbe8) Importer(815301076,1909f56bfc062723c751e8b465ee728b)  -> (artifact id: '9f5d36b330a4b1f42e77d043eb749edc') in 0.104670 seconds 
========================================================================
Received Import Request.
  Time since last request: 50.874408 seconds.
  path: Assets/Art/Fantasy Cataboms/mainlevbuild.png
  artifactKey: Guid(4bbd1128a9f37fd4eb153f670d549cf3) Importer(815301076,1909f56bfc062723c751e8b465ee728b)
Start importing Assets/Art/Fantasy Cataboms/mainlevbuild.png using Guid(4bbd1128a9f37fd4eb153f670d549cf3) Importer(815301076,1909f56bfc062723c751e8b465ee728b)  -> (artifact id: 'd3883250a18860e9646d3a3678e0b565') in 0.027675 seconds 
========================================================================
Received Import Request.
  Time since last request: 55.263173 seconds.
  path: Assets/Art/Fantasy Cataboms/RF_Catacombs_v1.0
  artifactKey: Guid(19aad70052c29d54d92ca6f3e10d6139) Importer(815301076,1909f56bfc062723c751e8b465ee728b)
Start importing Assets/Art/Fantasy Cataboms/RF_Catacombs_v1.0 using Guid(19aad70052c29d54d92ca6f3e10d6139) Importer(815301076,1909f56bfc062723c751e8b465ee728b)  -> (artifact id: 'fae6765648577d2aab2ca57d57528df1') in 0.010136 seconds 
========================================================================
Received Import Request.
  Time since last request: 0.060364 seconds.
  path: Assets/Art/Fantasy Cataboms/RF_Catacombs_v1.0/candleA_01.png
  artifactKey: Guid(5d51bb79b0b817d4e9cbdf19eea9b3e9) Importer(815301076,1909f56bfc062723c751e8b465ee728b)
Start importing Assets/Art/Fantasy Cataboms/RF_Catacombs_v1.0/candleA_01.png using Guid(5d51bb79b0b817d4e9cbdf19eea9b3e9) Importer(815301076,1909f56bfc062723c751e8b465ee728b)  -> (artifact id: 'a23db0cf190cd47ecc116373786508ae') in 0.025442 seconds 
========================================================================
Received Import Request.
  Time since last request: 0.000036 seconds.
  path: Assets/Art/Fantasy Cataboms/RF_Catacombs_v1.0/candleB_03.png
  artifactKey: Guid(d77645678bdfbb84eb525ea7f27aafd8) Importer(815301076,1909f56bfc062723c751e8b465ee728b)
Start importing Assets/Art/Fantasy Cataboms/RF_Catacombs_v1.0/candleB_03.png using Guid(d77645678bdfbb84eb525ea7f27aafd8) Importer(815301076,1909f56bfc062723c751e8b465ee728b)  -> (artifact id: 'ae5749f39565204aeca1c041ef02c805') in 0.023838 seconds 
========================================================================
Received Import Request.
  Time since last request: 0.000039 seconds.
  path: Assets/Art/Fantasy Cataboms/RF_Catacombs_v1.0/candleA_04.png
  artifactKey: Guid(399e289528405454cb985f5ddfd225e3) Importer(815301076,1909f56bfc062723c751e8b465ee728b)
Start importing Assets/Art/Fantasy Cataboms/RF_Catacombs_v1.0/candleA_04.png using Guid(399e289528405454cb985f5ddfd225e3) Importer(815301076,1909f56bfc062723c751e8b465ee728b)  -> (artifact id: '30d5088e04a724ca6fea84e6452eacab') in 0.023425 seconds 
========================================================================
Received Import Request.
  Time since last request: 0.000038 seconds.
  path: Assets/Art/Fantasy Cataboms/RF_Catacombs_v1.0/torch_4.png
  artifactKey: Guid(109e5848a040ac34fa86807f61dcb513) Importer(815301076,1909f56bfc062723c751e8b465ee728b)
Start importing Assets/Art/Fantasy Cataboms/RF_Catacombs_v1.0/torch_4.png using Guid(109e5848a040ac34fa86807f61dcb513) Importer(815301076,1909f56bfc062723c751e8b465ee728b)  -> (artifact id: 'de62893594d5323c6ae5f88301c1d588') in 0.020789 seconds 
========================================================================
Received Import Request.
  Time since last request: 0.000029 seconds.
  path: Assets/Art/Fantasy Cataboms/RF_Catacombs_v1.0/candleB_01.png
  artifactKey: Guid(78fe3885bb3c6fe43a15d1efcbfb9462) Importer(815301076,1909f56bfc062723c751e8b465ee728b)
Start importing Assets/Art/Fantasy Cataboms/RF_Catacombs_v1.0/candleB_01.png using Guid(78fe3885bb3c6fe43a15d1efcbfb9462) Importer(815301076,1909f56bfc062723c751e8b465ee728b)  -> (artifact id: 'da0f211996f1efd7c7f168814e7f8adc') in 0.020664 seconds 
========================================================================
Received Import Request.
  Time since last request: 0.000044 seconds.
  path: Assets/Art/Fantasy Cataboms/RF_Catacombs_v1.0/candleA_03.png
  artifactKey: Guid(36c3456d048d91a45b1c94b80ba5f167) Importer(815301076,1909f56bfc062723c751e8b465ee728b)
Start importing Assets/Art/Fantasy Cataboms/RF_Catacombs_v1.0/candleA_03.png using Guid(36c3456d048d91a45b1c94b80ba5f167) Importer(815301076,1909f56bfc062723c751e8b465ee728b)  -> (artifact id: '312ec292b032d33000d51eef02a1f3c7') in 0.016855 seconds 
========================================================================
Received Import Request.
  Time since last request: 0.000039 seconds.
  path: Assets/Art/Fantasy Cataboms/RF_Catacombs_v1.0/spike_2.png
  artifactKey: Guid(e5f19abba478f2941981182b60bd0869) Importer(815301076,1909f56bfc062723c751e8b465ee728b)
Start importing Assets/Art/Fantasy Cataboms/RF_Catacombs_v1.0/spike_2.png using Guid(e5f19abba478f2941981182b60bd0869) Importer(815301076,1909f56bfc062723c751e8b465ee728b)  -> (artifact id: '5a0dd1bff33d8729e904a54497480dbf') in 0.020880 seconds 
========================================================================
Received Import Request.
  Time since last request: 0.000083 seconds.
  path: Assets/Art/Fantasy Cataboms/RF_Catacombs_v1.0/candleB_02.png
  artifactKey: Guid(9f4688c11ded17d479f8aebde08f4939) Importer(815301076,1909f56bfc062723c751e8b465ee728b)
Start importing Assets/Art/Fantasy Cataboms/RF_Catacombs_v1.0/candleB_02.png using Guid(9f4688c11ded17d479f8aebde08f4939) Importer(815301076,1909f56bfc062723c751e8b465ee728b)  -> (artifact id: '436bd7160720f416f9b1108473f10c1d') in 0.018715 seconds 
========================================================================
Received Import Request.
  Time since last request: 0.000024 seconds.
  path: Assets/Art/Fantasy Cataboms/RF_Catacombs_v1.0/candleB_04.png
  artifactKey: Guid(1e482c3c56d6b75448c7e745aa176e79) Importer(815301076,1909f56bfc062723c751e8b465ee728b)
Start importing Assets/Art/Fantasy Cataboms/RF_Catacombs_v1.0/candleB_04.png using Guid(1e482c3c56d6b75448c7e745aa176e79) Importer(815301076,1909f56bfc062723c751e8b465ee728b)  -> (artifact id: '144e36dc494e1fc2a23008346ebc3e57') in 0.018713 seconds 
========================================================================
Received Import Request.
  Time since last request: 0.000036 seconds.
  path: Assets/Art/Fantasy Cataboms/RF_Catacombs_v1.0/spike_1.png
  artifactKey: Guid(08669c5b1128ff94a8431b685b4f1ae2) Importer(815301076,1909f56bfc062723c751e8b465ee728b)
Start importing Assets/Art/Fantasy Cataboms/RF_Catacombs_v1.0/spike_1.png using Guid(08669c5b1128ff94a8431b685b4f1ae2) Importer(815301076,1909f56bfc062723c751e8b465ee728b)  -> (artifact id: 'dbd0f1a92dfa0f7088a3c03930171297') in 0.016242 seconds 
Editor requested this worker to shutdown with reason: Scaling down because of idle timeout
AssetImportWorker is now disconnected from the server
Process exiting
Exiting without the bug reporter. Application will terminate with return code 0