Using pre-set license
Built from '2021.3/staging' branch; Version is '2021.3.10f1 (1c7d0df0160b) revision 1867021'; Using compiler version '192829333'; Build Type 'Release'
OS: 'Windows 10  (10.0.19042) 64bit Enterprise' Language: 'en' Physical Memory: 16190 MB
BatchMode: 1, IsHumanControllingUs: 0, StartBugReporterOnCrash: 0, Is64bit: 1, IsPro: 1

COMMAND LINE ARGUMENTS:
C:\Program Files\Unity\Hub\Editor\2021.3.10f1\Editor\Unity.exe
-adb2
-batchMode
-noUpm
-name
AssetImportWorker0
-projectPath
C:/Users/20203071/GitHub/GameDesignProjectGroup13/Project Grid
-logFile
Logs/AssetImportWorker0.log
-srvPort
54553
Successfully changed project path to: C:/Users/20203071/GitHub/GameDesignProjectGroup13/Project Grid
C:/Users/20203071/GitHub/GameDesignProjectGroup13/Project Grid
[UnityMemory] Configuration Parameters - Can be set up in boot.config
    "memorysetup-bucket-allocator-granularity=16"
    "memorysetup-bucket-allocator-bucket-count=8"
    "memorysetup-bucket-allocator-block-size=33554432"
    "memorysetup-bucket-allocator-block-count=8"
    "memorysetup-main-allocator-block-size=16777216"
    "memorysetup-thread-allocator-block-size=16777216"
    "memorysetup-gfx-main-allocator-block-size=16777216"
    "memorysetup-gfx-thread-allocator-block-size=16777216"
    "memorysetup-cache-allocator-block-size=4194304"
    "memorysetup-typetree-allocator-block-size=2097152"
    "memorysetup-profiler-bucket-allocator-granularity=16"
    "memorysetup-profiler-bucket-allocator-bucket-count=8"
    "memorysetup-profiler-bucket-allocator-block-size=33554432"
    "memorysetup-profiler-bucket-allocator-block-count=8"
    "memorysetup-profiler-allocator-block-size=16777216"
    "memorysetup-profiler-editor-allocator-block-size=1048576"
    "memorysetup-temp-allocator-size-main=16777216"
    "memorysetup-job-temp-allocator-block-size=2097152"
    "memorysetup-job-temp-allocator-block-size-background=1048576"
    "memorysetup-job-temp-allocator-reduction-small-platforms=262144"
    "memorysetup-temp-allocator-size-background-worker=32768"
    "memorysetup-temp-allocator-size-job-worker=262144"
    "memorysetup-temp-allocator-size-preload-manager=33554432"
    "memorysetup-temp-allocator-size-nav-mesh-worker=65536"
    "memorysetup-temp-allocator-size-audio-worker=65536"
    "memorysetup-temp-allocator-size-cloud-worker=32768"
    "memorysetup-temp-allocator-size-gi-baking-worker=262144"
    "memorysetup-temp-allocator-size-gfx=262144"
Refreshing native plugins compatible for Editor in 122.35 ms, found 3 plugins.
Preloading 0 native plugins for Editor in 0.00 ms.
Initialize engine version: 2021.3.10f1 (1c7d0df0160b)
[Subsystems] Discovering subsystems at path C:/Program Files/Unity/Hub/Editor/2021.3.10f1/Editor/Data/Resources/UnitySubsystems
[Subsystems] Discovering subsystems at path C:/Users/20203071/GitHub/GameDesignProjectGroup13/Project Grid/Assets
GfxDevice: creating device client; threaded=0; jobified=0
Direct3D:
    Version:  Direct3D 11.0 [level 11.1]
    Renderer: NVIDIA Quadro P2000 (ID=0x1cba)
    Vendor:   NVIDIA
    VRAM:     4018 MB
    Driver:   30.0.14.7334
Shader 'MoreMountains/MMRipple': fallback shader 'Particle/AlphaBlended' not found
Initialize mono
Mono path[0] = 'C:/Program Files/Unity/Hub/Editor/2021.3.10f1/Editor/Data/Managed'
Mono path[1] = 'C:/Program Files/Unity/Hub/Editor/2021.3.10f1/Editor/Data/MonoBleedingEdge/lib/mono/unityjit-win32'
Mono config path = 'C:/Program Files/Unity/Hub/Editor/2021.3.10f1/Editor/Data/MonoBleedingEdge/etc'
Using monoOptions --debugger-agent=transport=dt_socket,embedding=1,server=y,suspend=n,address=127.0.0.1:56940
Begin MonoManager ReloadAssembly
Registering precompiled unity dll's ...
Register platform support module: C:/Program Files/Unity/Hub/Editor/2021.3.10f1/Editor/Data/PlaybackEngines/WindowsStandaloneSupport/UnityEditor.WindowsStandalone.Extensions.dll
Registered in 0.008112 seconds.
Native extension for WindowsStandalone target not found
Refreshing native plugins compatible for Editor in 119.77 ms, found 3 plugins.
Preloading 0 native plugins for Editor in 0.00 ms.
Mono: successfully reloaded assembly
- Completed reload, in  0.683 seconds
Domain Reload Profiling:
	ReloadAssembly (684ms)
		BeginReloadAssembly (84ms)
			ExecutionOrderSort (0ms)
			DisableScriptedObjects (0ms)
			BackupInstance (0ms)
			ReleaseScriptingObjects (0ms)
			CreateAndSetChildDomain (1ms)
		EndReloadAssembly (488ms)
			LoadAssemblies (80ms)
			RebuildTransferFunctionScriptingTraits (0ms)
			SetupTypeCache (101ms)
			ReleaseScriptCaches (0ms)
			RebuildScriptCaches (27ms)
			SetupLoadedEditorAssemblies (308ms)
				LogAssemblyErrors (0ms)
				InitializePlatformSupportModulesInManaged (8ms)
				SetLoadedEditorAssemblies (0ms)
				RefreshPlugins (120ms)
				BeforeProcessingInitializeOnLoad (2ms)
				ProcessInitializeOnLoadAttributes (136ms)
				ProcessInitializeOnLoadMethodAttributes (42ms)
				AfterProcessingInitializeOnLoad (0ms)
				EditorAssembliesLoaded (0ms)
			ExecutionOrderSort2 (0ms)
			AwakeInstancesAfterBackupRestoration (0ms)
Platform modules already initialized, skipping
Registering precompiled user dll's ...
Registered in 0.007016 seconds.
Begin MonoManager ReloadAssembly
Symbol file LoadedFromMemory doesn't match image C:\Users\20203071\GitHub\GameDesignProjectGroup13\Project Grid\Library\PackageCache\com.unity.visualscripting@1.7.8\Editor\VisualScripting.Core\Dependencies\YamlDotNet\Unity.VisualScripting.YamlDotNet.dll
Symbol file LoadedFromMemory doesn't match image C:\Users\20203071\GitHub\GameDesignProjectGroup13\Project Grid\Library\PackageCache\com.unity.visualscripting@1.7.8\Editor\VisualScripting.Core\Dependencies\DotNetZip\Unity.VisualScripting.IonicZip.dll
Native extension for WindowsStandalone target not found
Refreshing native plugins compatible for Editor in 1.04 ms, found 3 plugins.
Preloading 0 native plugins for Editor in 0.00 ms.
Mono: successfully reloaded assembly
- Completed reload, in  1.214 seconds
Domain Reload Profiling:
	ReloadAssembly (1215ms)
		BeginReloadAssembly (117ms)
			ExecutionOrderSort (0ms)
			DisableScriptedObjects (6ms)
			BackupInstance (0ms)
			ReleaseScriptingObjects (0ms)
			CreateAndSetChildDomain (20ms)
		EndReloadAssembly (996ms)
			LoadAssemblies (103ms)
			RebuildTransferFunctionScriptingTraits (0ms)
			SetupTypeCache (301ms)
			ReleaseScriptCaches (1ms)
			RebuildScriptCaches (86ms)
			SetupLoadedEditorAssemblies (471ms)
				LogAssemblyErrors (0ms)
				InitializePlatformSupportModulesInManaged (12ms)
				SetLoadedEditorAssemblies (0ms)
				RefreshPlugins (1ms)
				BeforeProcessingInitializeOnLoad (112ms)
				ProcessInitializeOnLoadAttributes (298ms)
				ProcessInitializeOnLoadMethodAttributes (37ms)
				AfterProcessingInitializeOnLoad (10ms)
				EditorAssembliesLoaded (0ms)
			ExecutionOrderSort2 (0ms)
			AwakeInstancesAfterBackupRestoration (7ms)
Platform modules already initialized, skipping
========================================================================
Worker process is ready to serve import requests
Shader 'MoreMountains/MMRipple': fallback shader 'Particle/AlphaBlended' not found
Launched and connected shader compiler UnityShaderCompiler.exe after 0.06 seconds
Refreshing native plugins compatible for Editor in 1.82 ms, found 3 plugins.
Preloading 0 native plugins for Editor in 0.00 ms.
Unloading 4863 Unused Serialized files (Serialized files now loaded: 0)
Unloading 57 unused Assets / (1.4 MB). Loaded Objects now: 5311.
Memory consumption went from 256.0 MB to 254.6 MB.
Total: 7.806200 ms (FindLiveObjects: 0.478900 ms CreateObjectMapping: 0.576100 ms MarkObjects: 6.067100 ms  DeleteObjects: 0.682400 ms)

AssetImportParameters requested are different than current active one (requested -> active):
  custom:video-decoder-ogg-theora: a1e56fd34408186e4bbccfd4996cb3dc -> 
  custom:container-muxer-webm: aa71ff27fc2769a1b78a27578f13a17b -> 
  custom:container-demuxer-webm: 4f35f7cbe854078d1ac9338744f61a02 -> 
  custom:video-encoder-webm-vp8: eb34c28f22e8b96e1ab97ce403110664 -> 
  custom:audio-encoder-webm-vorbis: bf7c407c2cedff20999df2af8eb42d56 -> 
  custom:framework-win-MediaFoundation: 216162199b28c13a410421893ffa2e32 -> 
  custom:container-demuxer-ogg: 62fdf1f143b41e24485cea50d1cbac27 -> 
  custom:video-decoder-webm-vp8: 9c59270c3fd7afecdb556c50c9e8de78 -> 
  custom:audio-decoder-ogg-vorbis: bf7c407c2cedff20999df2af8eb42d56 -> 
========================================================================
Received Import Request.
  Time since last request: 502005.940595 seconds.
  path: Assets/Scenes/SampleScene.unity
  artifactKey: Guid(9fc0d4010bbf28b4594072e72b8655ab) Importer(815301076,1909f56bfc062723c751e8b465ee728b)
Start importing Assets/Scenes/SampleScene.unity using Guid(9fc0d4010bbf28b4594072e72b8655ab) Importer(815301076,1909f56bfc062723c751e8b465ee728b)  -> (artifact id: '8f2dbbc1cedfd0107ca1ad38e8220053') in 0.017242 seconds 
========================================================================
Received Import Request.
  Time since last request: 5.883720 seconds.
  path: Assets/Scenes
  artifactKey: Guid(6ea315d0fd7389c41b19996891e99ae3) Importer(815301076,1909f56bfc062723c751e8b465ee728b)
Start importing Assets/Scenes using Guid(6ea315d0fd7389c41b19996891e99ae3) Importer(815301076,1909f56bfc062723c751e8b465ee728b)  -> (artifact id: 'bc172811d573b296104adb4d2728db37') in 0.007051 seconds 
========================================================================
Received Import Request.
  Time since last request: 8.693072 seconds.
  path: Assets/Scenes/New Scene.unity
  artifactKey: Guid(0d63c0265a8f08c4b8e119137d04c04b) Importer(815301076,1909f56bfc062723c751e8b465ee728b)
Start importing Assets/Scenes/New Scene.unity using Guid(0d63c0265a8f08c4b8e119137d04c04b) Importer(815301076,1909f56bfc062723c751e8b465ee728b)  -> (artifact id: '06bb4dca40ece6ed1c10afe8162dae55') in 0.006587 seconds 
========================================================================
Received Import Request.
  Time since last request: 38.942358 seconds.
  path: Assets/TopDownEngine/Common
  artifactKey: Guid(ccceefab29c5540e59db4d8ffa2743b1) Importer(815301076,1909f56bfc062723c751e8b465ee728b)
Start importing Assets/TopDownEngine/Common using Guid(ccceefab29c5540e59db4d8ffa2743b1) Importer(815301076,1909f56bfc062723c751e8b465ee728b)  -> (artifact id: 'acb1806e01929a3e4c5baae13ea835b0') in 0.007304 seconds 
========================================================================
Received Import Request.
  Time since last request: 0.553297 seconds.
  path: Assets/TopDownEngine/Demos
  artifactKey: Guid(af6116fec1514f5594a1ebadfe21645d) Importer(815301076,1909f56bfc062723c751e8b465ee728b)
Start importing Assets/TopDownEngine/Demos using Guid(af6116fec1514f5594a1ebadfe21645d) Importer(815301076,1909f56bfc062723c751e8b465ee728b)  -> (artifact id: '602cdfbde7ece650b960297a990645b5') in 0.008023 seconds 
========================================================================
Received Import Request.
  Time since last request: 0.120603 seconds.
  path: Assets/TopDownEngine/Demos/MoreMountains.TopDownEngine.Demos.asmref
  artifactKey: Guid(9d38ad2506628f54a8b02938da26b5be) Importer(815301076,1909f56bfc062723c751e8b465ee728b)
Start importing Assets/TopDownEngine/Demos/MoreMountains.TopDownEngine.Demos.asmref using Guid(9d38ad2506628f54a8b02938da26b5be) Importer(815301076,1909f56bfc062723c751e8b465ee728b)  -> (artifact id: 'b77115f5fa4f877e23ebcf07a2bbfab9') in 0.034122 seconds 
========================================================================
Received Import Request.
  Time since last request: 2.205631 seconds.
  path: Assets/TopDownEngine/Demos/Minimal2D
  artifactKey: Guid(d95ad6ad695bfe4439098b24ffdeb518) Importer(815301076,1909f56bfc062723c751e8b465ee728b)
Start importing Assets/TopDownEngine/Demos/Minimal2D using Guid(d95ad6ad695bfe4439098b24ffdeb518) Importer(815301076,1909f56bfc062723c751e8b465ee728b)  -> (artifact id: '25e039ad45f5db9b6f97b99c517800ea') in 0.006987 seconds 
========================================================================
Received Import Request.
  Time since last request: 1.094354 seconds.
  path: Assets/TopDownEngine/Demos/Minimal2D/Minimal2DGrid.unity
  artifactKey: Guid(ff7b055b4f326dc49807c73993832718) Importer(815301076,1909f56bfc062723c751e8b465ee728b)
Start importing Assets/TopDownEngine/Demos/Minimal2D/Minimal2DGrid.unity using Guid(ff7b055b4f326dc49807c73993832718) Importer(815301076,1909f56bfc062723c751e8b465ee728b)  -> (artifact id: '3bebf0463079cdcb72df3490e4ca3f19') in 0.007101 seconds 
========================================================================
Received Import Request.
  Time since last request: 1.529739 seconds.
  path: Assets/TopDownEngine/Demos/Minimal2D/MinimalSandbox2D.unity
  artifactKey: Guid(95a84b442e98a37428865aa09f7e9efb) Importer(815301076,1909f56bfc062723c751e8b465ee728b)
Start importing Assets/TopDownEngine/Demos/Minimal2D/MinimalSandbox2D.unity using Guid(95a84b442e98a37428865aa09f7e9efb) Importer(815301076,1909f56bfc062723c751e8b465ee728b)  -> (artifact id: '314e1c9cc0a04131bf83f83a407eff39') in 0.007910 seconds 
========================================================================
Received Import Request.
  Time since last request: 1.015721 seconds.
  path: Assets/TopDownEngine/Demos/Minimal2D/MinimalScene2D.unity
  artifactKey: Guid(55ddb45e2869f6e488e05e2d4e442e06) Importer(815301076,1909f56bfc062723c751e8b465ee728b)
Start importing Assets/TopDownEngine/Demos/Minimal2D/MinimalScene2D.unity using Guid(55ddb45e2869f6e488e05e2d4e442e06) Importer(815301076,1909f56bfc062723c751e8b465ee728b)  -> (artifact id: 'ef1799123a9e84ce96f22eeebe30c5b7') in 0.006991 seconds 
========================================================================
Received Prepare
Registering precompiled user dll's ...
Registered in 0.006909 seconds.
Begin MonoManager ReloadAssembly
Symbol file LoadedFromMemory doesn't match image C:\Users\20203071\GitHub\GameDesignProjectGroup13\Project Grid\Library\PackageCache\com.unity.visualscripting@1.7.8\Editor\VisualScripting.Core\Dependencies\YamlDotNet\Unity.VisualScripting.YamlDotNet.dll
Symbol file LoadedFromMemory doesn't match image C:\Users\20203071\GitHub\GameDesignProjectGroup13\Project Grid\Library\PackageCache\com.unity.visualscripting@1.7.8\Editor\VisualScripting.Core\Dependencies\DotNetZip\Unity.VisualScripting.IonicZip.dll
Native extension for WindowsStandalone target not found
Refreshing native plugins compatible for Editor in 1.55 ms, found 3 plugins.
Preloading 0 native plugins for Editor in 0.00 ms.
Mono: successfully reloaded assembly
- Completed reload, in  1.479 seconds
Domain Reload Profiling:
	ReloadAssembly (1480ms)
		BeginReloadAssembly (160ms)
			ExecutionOrderSort (0ms)
			DisableScriptedObjects (6ms)
			BackupInstance (0ms)
			ReleaseScriptingObjects (0ms)
			CreateAndSetChildDomain (41ms)
		EndReloadAssembly (1200ms)
			LoadAssemblies (109ms)
			RebuildTransferFunctionScriptingTraits (0ms)
			SetupTypeCache (408ms)
			ReleaseScriptCaches (2ms)
			RebuildScriptCaches (74ms)
			SetupLoadedEditorAssemblies (545ms)
				LogAssemblyErrors (0ms)
				InitializePlatformSupportModulesInManaged (20ms)
				SetLoadedEditorAssemblies (1ms)
				RefreshPlugins (2ms)
				BeforeProcessingInitializeOnLoad (113ms)
				ProcessInitializeOnLoadAttributes (348ms)
				ProcessInitializeOnLoadMethodAttributes (51ms)
				AfterProcessingInitializeOnLoad (11ms)
				EditorAssembliesLoaded (0ms)
			ExecutionOrderSort2 (0ms)
			AwakeInstancesAfterBackupRestoration (9ms)
Platform modules already initialized, skipping
Shader 'MoreMountains/MMRipple': fallback shader 'Particle/AlphaBlended' not found
Refreshing native plugins compatible for Editor in 7.14 ms, found 3 plugins.
Preloading 0 native plugins for Editor in 0.00 ms.
Unloading 4800 Unused Serialized files (Serialized files now loaded: 0)
Unloading 34 unused Assets / (1.4 MB). Loaded Objects now: 5326.
Memory consumption went from 249.9 MB to 248.5 MB.
Total: 14.150100 ms (FindLiveObjects: 1.250700 ms CreateObjectMapping: 0.954800 ms MarkObjects: 10.822900 ms  DeleteObjects: 1.118300 ms)

AssetImportParameters requested are different than current active one (requested -> active):
  custom:video-decoder-ogg-theora: a1e56fd34408186e4bbccfd4996cb3dc -> 
  custom:container-muxer-webm: aa71ff27fc2769a1b78a27578f13a17b -> 
  custom:container-demuxer-webm: 4f35f7cbe854078d1ac9338744f61a02 -> 
  custom:video-encoder-webm-vp8: eb34c28f22e8b96e1ab97ce403110664 -> 
  custom:audio-encoder-webm-vorbis: bf7c407c2cedff20999df2af8eb42d56 -> 
  custom:framework-win-MediaFoundation: 216162199b28c13a410421893ffa2e32 -> 
  custom:container-demuxer-ogg: 62fdf1f143b41e24485cea50d1cbac27 -> 
  custom:video-decoder-webm-vp8: 9c59270c3fd7afecdb556c50c9e8de78 -> 
  custom:audio-decoder-ogg-vorbis: bf7c407c2cedff20999df2af8eb42d56 -> 
